8906
1 3128
2 1891
3 1001
4 3800
5 2879
6 7302
7 5459
8 2812
9 517
10 4930
11 1081
12 8492
13 5995
14 6865
15 5186
16 4154
17 4681
18 7680
19 3772
20 4284
21 5569
22 5859
23 3297
24 2880
25 1627
26 5744
27 6233
28 1575
29 7624
30 2047
31 2957
32 3241
33 8220
34 4652
35 4531
36 8345
37 4822
38 1551
39 411
40 3865
41 3133
42 4341
43 4862
44 3415
45 4440
46 7645
47 7404
48 6033
49 4065
50 47
51 4161
52 2901
53 7127
54 5907
55 1919
56 5362
57 1410
58 92
59 7147
60 1871
61 3745
62 8056
63 3729
64 787
65 5748
66 6426
67 6228
68 5033
69 5172
70 8858
71 7719
72 5150
73 1739
74 8122
75 7644
76 5772
77 686
78 3137
79 8832
80 3578
81 6359
82 3892
83 378
84 6298
85 4966
86 6850
87 1874
88 6759
89 7003
90 7759
91 2874
92 5899
93 3201
94 8231
95 4525
96 495
97 1244
98 5917
99 3207
100 8277
101 5826
102 2915
103 7813
104 274
105 1727
106 5199
107 4764
108 5537
109 4347
110 1709
111 7148
112 4608
113 1160
114 8012
115 4583
116 7761
117 3632
118 2007
119 657
120 5480
121 3782
122 4287
123 6270
124 5017
125 5963
126 4424
127 1565
128 2123
129 207
130 6424
131 1164
132 4782
133 1883
134 3345
135 3634
136 2783
137 8328
138 8331
139 1968
140 6088
141 3955
142 3677
143 2925
144 4843
145 1230
146 3694
147 2426
148 4686
149 3859
150 2213
151 201
152 2723
153 2584
154 8069
155 8272
156 5317
157 3983
158 697
159 2418
160 6369
161 1563
162 8742
163 7281
164 401
165 4554
166 1443
167 8088
168 7084
169 7239
170 4150
171 1681
172 7481
173 7740
174 4628
175 682
176 6820
177 3637
178 2702
179 2698
180 1712
181 405
182 5670
183 3804
184 4644
185 980
186 3258
187 5582
188 3070
189 6024
190 2799
191 1103
192 4675
193 1242
194 3700
195 1932
196 4259
197 5924
198 2214
199 3887
200 506
201 844
202 5252
203 4077
204 462
205 2785
206 5044
207 902
208 7731
209 60
210 739
211 982
212 6920
213 4390
214 5386
215 4678
216 1207
217 4535
218 1694
219 66
220 6147
221 6025
222 3
223 5787
224 748
225 5866
226 4955
227 3601
228 7893
229 2348
230 7049
231 4601
232 141
233 8114
234 5204
235 7670
236 5968
237 1542
238 573
239 717
240 422
241 998
242 1347
243 6608
244 2482
245 3453
246 2325
247 7141
248 3019
249 7845
250 400
251 7220
252 2029
253 5135
254 8828
255 2414
256 8684
257 6329
258 4830
259 8838
260 2307
261 5988
262 77
263 8251
264 7417
265 5272
266 5556
267 337
268 6346
269 4043
270 448
271 1943
272 126
273 2716
274 5855
275 4186
276 3475
277 3528
278 1614
279 355
280 5278
281 5244
282 6465
283 116
284 6040
285 3718
286 7286
287 3869
288 2028
289 2807
290 8850
291 5072
292 5342
293 1031
294 5750
295 7902
296 4846
297 4133
298 1055
299 6170
300 5971
301 2905
302 815
303 5943
304 4807
305 1260
306 5469
307 3407
308 4217
309 4011
310 8427
311 3685
312 1190
313 2894
314 4816
315 4503
316 737
317 3115
318 5356
319 4692
320 4145
321 5358
322 4444
323 1289
324 915
325 4292
326 5028
327 7663
328 3556
329 4226
330 254
331 8059
332 5104
333 6218
334 1397
335 2846
336 21
337 2445
338 2138
339 6496
340 4972
341 6337
342 6290
343 1461
344 4460
345 4386
346 1316
347 3305
348 4155
349 5339
350 279
351 8314
352 968
353 896
354 1303
355 1704
356 4061
357 8775
358 976
359 5450
360 4520
361 8290
362 7867
363 1504
364 3896
365 5377
366 7219
367 8053
368 5336
369 2350
370 2420
371 5396
372 4911
373 283
374 7289
375 213
376 4766
377 7396
378 8569
379 5852
380 3787
381 2069
382 660
383 6292
384 6954
385 4584
386 1396
387 140
388 5460
389 8356
390 8678
391 4258
392 619
393 6629
394 3124
395 413
396 8312
397 4461
398 2873
399 3902
400 6986
401 4346
402 5720
403 848
404 4281
405 277
406 4471
407 7545
408 8630
409 7764
410 1680
411 6950
412 2561
413 2911
414 2320
415 4609
416 4076
417 5620
418 5200
419 2929
420 6587
421 1990
422 4419
423 1679
424 5190
425 4265
426 6597
427 476
428 477
429 1908
430 174
431 8430
432 5492
433 6458
434 3456
435 1176
436 169
437 6092
438 1491
439 4296
440 942
441 4033
442 903
443 8621
444 6489
445 5743
446 5484
447 6038
448 629
449 8840
450 1546
451 6717
452 5486
453 8037
454 13
455 6615
456 7287
457 5584
458 2178
459 7966
460 8422
461 288
462 8213
463 91
464 5759
465 4038
466 800
467 951
468 3092
469 1580
470 5858
471 5685
472 6904
473 5286
474 2501
475 6533
476 8378
477 8559
478 5206
479 6306
480 3172
481 5047
482 150
483 5513
484 4039
485 3514
486 7884
487 6221
488 4560
489 5535
490 4366
491 4714
492 2758
493 7838
494 7543
495 4482
496 1691
497 1720
498 5006
499 8402
500 901
501 4852
502 2623
503 2496
504 3766
505 8400
506 7214
507 1590
508 1416
509 8575
510 1058
511 7487
512 8162
513 3574
514 4345
515 5796
516 6776
517 325
518 4784
519 7026
520 4041
521 5287
522 1866
523 8091
524 3029
525 5263
526 7641
527 6002
528 3518
529 1519
530 3511
531 272
532 4274
533 7785
534 3091
535 407
536 7134
537 4916
538 3313
539 230
540 249
541 3986
542 5372
543 2411
544 2003
545 152
546 5089
547 5453
548 6047
549 5439
550 2364
551 5201
552 469
553 1056
554 6806
555 7163
556 1193
557 3145
558 8609
559 6660
560 3417
561 7259
562 7368
563 2635
564 3374
565 2019
566 2208
567 969
568 7977
569 6729
570 3816
571 5529
572 7991
573 535
574 4451
575 5643
576 2463
577 447
578 1362
579 3715
580 560
581 17
582 2831
583 1638
584 3251
585 7913
586 2512
587 7726
588 6916
589 6647
590 1572
591 5956
592 3052
593 5780
594 1007
595 2895
596 3563
597 540
598 1128
599 4058
600 679
601 4193
602 8203
603 2471
604 251
605 6315
606 7421
607 5516
608 1048
609 856
610 7561
611 6263
612 735
613 1335
614 1291
615 8133
616 4224
617 8836
618 5916
619 579
620 6356
621 820
622 4802
623 6097
624 6439
625 3267
626 533
627 3113
628 3882
629 8870
630 8606
631 2768
632 1711
633 7498
634 2060
635 1357
636 979
637 7179
638 5130
639 7936
640 6054
641 1509
642 7801
643 591
644 2580
645 880
646 6103
647 5773
648 8205
649 5281
650 7720
651 4097
652 170
653 3709
654 4591
655 1918
656 674
657 5225
658 6271
659 2467
660 3206
661 3441
662 3285
663 4199
664 5765
665 6248
666 7944
667 4548
668 8295
669 8239
670 3906
671 3163
672 7372
673 8679
674 8808
675 432
676 2014
677 7523
678 8410
679 549
680 5543
681 7195
682 3811
683 8124
684 5559
685 6736
686 2550
687 612
688 3012
689 5655
690 438
691 2262
692 1969
693 4319
694 5418
695 4215
696 5965
697 5161
698 4582
699 7234
700 2634
701 745
702 8245
703 4493
704 645
705 3219
706 7317
707 6780
708 3686
709 3945
710 7555
711 7741
712 7413
713 1844
714 3621
715 4735
716 4985
717 410
718 281
719 2476
720 746
721 4954
722 3742
723 5041
724 4839
725 3356
726 6979
727 7507
728 6715
729 8233
730 2613
731 5276
732 6522
733 5725
734 7696
735 2859
736 4093
737 8666
738 6794
739 4603
740 8476
741 3158
742 7713
743 111
744 2607
745 4821
746 2876
747 4919
748 8438
749 6052
750 2980
751 2456
752 1657
753 7030
754 8379
755 1889
756 4945
757 4245
758 4104
759 8787
760 5889
761 7242
762 5954
763 3419
764 6297
765 7362
766 4278
767 3825
768 5293
769 5458
770 5871
771 327
772 673
773 2368
774 835
775 6269
776 7652
777 5401
778 3734
779 3152
780 1765
781 5264
782 2912
783 7360
784 8749
785 2481
786 4149
787 5868
788 6026
789 4290
790 7844
791 204
792 8643
793 5650
794 6443
795 300
796 661
797 1139
798 2067
799 5728
800 7076
801 8465
802 6769
803 611
804 4505
805 937
806 3557
807 2646
808 8336
809 2073
810 5123
811 1041
812 3237
813 7062
814 4881
815 3388
816 5604
817 5555
818 669
819 7790
820 6877
821 6764
822 5343
823 7797
824 881
825 2989
826 4223
827 5429
828 1858
829 2658
830 366
831 1424
832 1408
833 5174
834 4847
835 4621
836 5817
837 2662
838 2988
839 1432
840 4891
841 1086
842 8644
843 2779
844 5642
845 3751
846 4586
847 6347
848 5064
849 4494
850 3937
851 3651
852 797
853 4332
854 2465
855 4660
856 6163
857 4740
858 8260
859 4293
860 6931
861 6138
862 163
863 1138
864 4908
865 1181
866 2631
867 6809
868 8905
869 3933
870 4134
871 6795
872 3741
873 954
874 2909
875 158
876 7889
877 3649
878 788
879 8537
880 3412
881 1769
882 675
883 7938
884 7856
885 8275
886 567
887 7807
888 7166
889 6210
890 7463
891 7359
892 1965
893 3595
894 6183
895 614
896 3828
897 7023
898 2931
899 6400
900 7873
901 8340
902 5364
903 8731
904 2524
905 3731
906 5475
907 2084
908 3539
909 7755
910 2158
911 2965
912 4392
913 2680
914 3263
915 6568
916 4622
917 2310
918 4703
919 5438
920 2627
921 3912
922 1517
923 2265
924 7238
925 5305
926 2810
927 5704
928 8158
929 6480
930 4982
931 1185
932 5628
933 2455
934 8248
935 4329
936 6952
937 6903
938 2852
939 7949
940 5346
941 8791
942 863
943 206
944 2821
945 7035
946 2690
947 2072
948 8491
949 1702
950 6648
951 3507
952 802
953 1157
954 7263
955 3871
956 4701
957 1608
958 7005
959 6963
960 1506
961 5792
962 5238
963 2976
964 5331
965 8098
966 5828
967 4047
968 6464
969 130
970 5005
971 5059
972 8788
973 1377
974 6010
975 7370
976 6505
977 2195
978 75
979 7799
980 3972
981 618
982 7356
983 4900
984 8704
985 3591
986 2329
987 7985
988 8790
989 4899
990 1986
991 8180
992 4743
993 857
994 2408
995 487
996 749
997 5368
998 5873
999 2757
1000 499
1001 3103
1002 3256
1003 3202
1004 7886
1005 5002
1006 1543
1007 5652
1008 3959
1009 1050
1010 7086
1011 3540
1012 2381
1013 3230
1014 3090
1015 6953
1016 3365
1017 519
1018 2809
1019 3954
1020 2254
1021 7149
1022 1695
1023 2299
1024 6243
1025 5506
1026 6232
1027 4700
1028 8733
1029 3087
1030 1373
1031 3227
1032 8209
1033 5124
1034 1849
1035 7917
1036 8022
1037 1595
1038 311
1039 6621
1040 3302
1041 7385
1042 5100
1043 3471
1044 2075
1045 7482
1046 1961
1047 1245
1048 29
1049 1012
1050 7513
1051 6250
1052 8341
1053 6773
1054 1894
1055 3724
1056 5062
1057 3706
1058 4942
1059 7484
1060 3797
1061 1923
1062 3494
1063 4286
1064 1724
1065 2515
1066 6482
1067 714
1068 5039
1069 6386
1070 1830
1071 1841
1072 5723
1073 2241
1074 4417
1075 8271
1076 2407
1077 6155
1078 2176
1079 3884
1080 3592
1081 2564
1082 514
1083 5964
1084 2823
1085 2608
1086 4823
1087 8184
1088 1979
1089 3532
1090 2777
1091 1175
1092 94
1093 1820
1094 4952
1095 1672
1096 2621
1097 763
1098 7521
1099 1864
1100 5288
1101 6058
1102 4545
1103 4597
1104 2259
1105 8566
1106 3603
1107 4435
1108 5446
1109 136
1110 2478
1111 1750
1112 1971
1113 2519
1114 8254
1115 4054
1116 1211
1117 2555
1118 6898
1119 1977
1120 2186
1121 3307
1122 1589
1123 4726
1124 557
1125 2856
1126 239
1127 5777
1128 651
1129 7793
1130 1611
1131 779
1132 2618
1133 1094
1134 4422
1135 8572
1136 147
1137 7557
1138 2632
1139 1569
1140 5701
1141 3588
1142 5473
1143 2671
1144 5004
1145 7676
1146 1570
1147 3673
1148 8234
1149 906
1150 8880
1151 4248
1152 1282
1153 3555
1154 3324
1155 6430
1156 8725
1157 7970
1158 2328
1159 891
1160 44
1161 6499
1162 7878
1163 7058
1164 1522
1165 6399
1166 1452
1167 5156
1168 3331
1169 5218
1170 5851
1171 2729
1172 8212
1173 7343
1174 5695
1175 3979
1176 6167
1177 8002
1178 1092
1179 2180
1180 4710
1181 5570
1182 7896
1183 1723
1184 1032
1185 372
1186 2923
1187 5270
1188 1920
1189 5982
1190 3387
1191 7100
1192 4247
1193 2285
1194 7816
1195 5519
1196 3808
1197 3732
1198 3150
1199 6578
1200 55
1201 3175
1202 3653
1203 1671
1204 5707
1205 2559
1206 1208
1207 4809
1208 5193
1209 6345
1210 5781
1211 5774
1212 1492
1213 6687
1214 7177
1215 6296
1216 4581
1217 3058
1218 7429
1219 8313
1220 7174
1221 860
1222 3835
1223 1879
1224 7131
1225 8288
1226 8523
1227 1898
1228 2789
1229 1518
1230 7221
1231 3146
1232 5580
1233 8034
1234 4141
1235 1526
1236 3764
1237 7018
1238 5299
1239 8153
1240 7456
1241 266
1242 8878
1243 3332
1244 2708
1245 6416
1246 2063
1247 6161
1248 6113
1249 427
1250 6327
1251 2576
1252 4119
1253 8756
1254 1829
1255 483
1256 8134
1257 3431
1258 3580
1259 4677
1260 1024
1261 1053
1262 7031
1263 5847
1264 1550
1265 2353
1266 4559
1267 5976
1268 6974
1269 6310
1270 3049
1271 31
1272 2715
1273 1279
1274 7052
1275 2436
1276 7217
1277 4123
1278 3003
1279 4294
1280 4613
1281 8649
1282 6414
1283 6814
1284 1552
1285 143
1286 2166
1287 2242
1288 2754
1289 7604
1290 1684
1291 1748
1292 1331
1293 7956
1294 2204
1295 8863
1296 8837
1297 2500
1298 4238
1299 3702
1300 4388
1301 1173
1302 2987
1303 8183
1304 2594
1305 7547
1306 222
1307 183
1308 5
1309 3749
1310 7274
1311 3997
1312 8089
1313 1637
1314 2790
1315 1760
1316 5079
1317 6516
1318 2882
1319 4492
1320 4620
1321 2549
1322 3381
1323 3740
1324 5657
1325 725
1326 3915
1327 4335
1328 4206
1329 5447
1330 8354
1331 1439
1332 2444
1333 625
1334 6857
1335 82
1336 3224
1337 5829
1338 3195
1339 792
1340 2324
1341 2507
1342 7089
1343 5442
1344 4089
1345 578
1346 8765
1347 4724
1348 2464
1349 4781
1350 843
1351 1869
1352 6013
1353 2292
1354 6001
1355 8805
1356 6789
1357 7435
1358 3188
1359 2128
1360 4126
1361 8889
1362 115
1363 2844
1364 3031
1365 3033
1366 2382
1367 451
1368 1851
1369 7849
1370 6754
1371 168
1372 2719
1373 4003
1374 48
1375 6992
1376 4884
1377 2819
1378 7519
1379 8298
1380 2791
1381 1353
1382 2402
1383 1665
1384 4788
1385 7069
1386 4642
1387 7554
1388 6069
1389 6461
1390 5479
1391 6080
1392 7153
1393 5842
1394 7544
1395 3321
1396 2583
1397 3497
1398 3757
1399 4659
1400 1505
1401 4413
1402 7000
1403 1149
1404 648
1405 4087
1406 4311
1407 1806
1408 4209
1409 5878
1410 6823
1411 5849
1412 4127
1413 2360
1414 5732
1415 1900
1416 8851
1417 299
1418 5618
1419 8382
1420 4407
1421 2081
1422 4403
1423 2962
1424 5751
1425 929
1426 3961
1427 5698
1428 475
1429 1287
1430 5508
1431 8714
1432 8294
1433 1616
1434 6441
1435 858
1436 2727
1437 4266
1438 1083
1439 2888
1440 5092
1441 598
1442 1013
1443 3728
1444 4851
1445 3727
1446 4666
1447 4168
1448 5953
1449 7818
1450 6199
1451 2611
1452 4148
1453 4555
1454 3575
1455 7247
1456 5811
1457 6060
1458 5629
1459 6162
1460 8852
1461 6011
1462 6926
1463 5053
1464 1084
1465 7951
1466 4768
1467 7830
1468 8890
1469 7106
1470 8096
1471 6453
1472 4882
1473 5730
1474 2861
1475 95
1476 2816
1477 2926
1478 2337
1479 6713
1480 525
1481 2687
1482 7709
1483 1196
1484 8055
1485 2115
1486 7631
1487 6148
1488 4144
1489 3755
1490 8651
1491 4544
1492 944
1493 4327
1494 1618
1495 2764
1496 1015
1497 3238
1498 8591
1499 1054
1500 4671
1501 5187
1502 5025
1503 5113
1504 4443
1505 6425
1506 3857
1507 379
1508 7751
1509 3289
1510 2440
1511 7401
1512 7567
1513 1027
1514 2620
1515 5636
1516 3226
1517 1198
1518 1646
1519 1534
1520 74
1521 2814
1522 6682
1523 1224
1524 3274
1525 6415
1526 2954
1527 7989
1528 5314
1529 4863
1530 2317
1531 7584
1532 2805
1533 2986
1534 4212
1535 2441
1536 5801
1537 6796
1538 3416
1539 3716
1540 3009
1541 2688
1542 2103
1543 2379
1544 3498
1545 7898
1546 1371
1547 2706
1548 2890
1549 8049
1550 423
1551 5070
1552 276
1553 5803
1554 271
1555 4590
1556 4187
1557 913
1558 8652
1559 5903
1560 6445
1561 1855
1562 7441
1563 3314
1564 214
1565 1215
1566 3083
1567 3652
1568 2193
1569 3097
1570 3045
1571 8374
1572 4143
1573 8141
1574 1161
1575 7105
1576 3014
1577 7925
1578 977
1579 4747
1580 5251
1581 3460
1582 6637
1583 5999
1584 6981
1585 7169
1586 8384
1587 5733
1588 8703
1589 1530
1590 836
1591 5835
1592 1246
1593 1472
1594 1130
1595 7627
1596 1266
1597 5026
1598 8525
1599 6235
1600 5383
1601 2001
1602 4526
1603 2693
1604 4716
1605 7290
1606 5320
1607 4737
1608 5848
1609 470
1610 1336
1611 8769
1612 4758
1613 7911
1614 7307
1615 4868
1616 6831
1617 3646
1618 8466
1619 8665
1620 8344
1621 5375
1622 1884
1623 1308
1624 1586
1625 3282
1626 7203
1627 4502
1628 4421
1629 3101
1630 8759
1631 3185
1632 5729
1633 6582
1634 7112
1635 7998
1636 7095
1637 1853
1638 8487
1639 2466
1640 4367
1641 5966
1642 516
1643 7227
1644 3814
1645 539
1646 5711
1647 2452
1648 7981
1649 4204
1650 3600
1651 6059
1652 481
1653 1692
1654 4071
1655 930
1656 7176
1657 4362
1658 7310
1659 2508
1660 3921
1661 2994
1662 6429
1663 1025
1664 6351
1665 7262
1666 3587
1667 882
1668 7269
1669 1305
1670 2913
1671 5389
1672 2526
1673 2930
1674 3232
1675 2762
1676 5400
1677 1629
1678 5891
1679 8112
1680 374
1681 3581
1682 2114
1683 336
1684 4369
1685 3836
1686 2498
1687 6750
1688 5022
1689 649
1690 3605
1691 1434
1692 8724
1693 8452
1694 2116
1695 7595
1696 2571
1697 18
1698 189
1699 7336
1700 6206
1701 8185
1702 7132
1703 4201
1704 3519
1705 2744
1706 2369
1707 3303
1708 1775
1709 3999
1710 1449
1711 7064
1712 8103
1713 4007
1714 2105
1715 1099
1716 7972
1717 20
1718 2659
1719 3854
1720 7388
1721 3760
1722 7322
1723 1933
1724 3488
1725 2037
1726 5753
1727 750
1728 3149
1729 171
1730 6719
1731 1319
1732 7407
1733 2477
1734 7276
1735 1129
1736 5241
1737 7369
1738 3255
1739 3538
1740 6893
1741 3359
1742 2427
1743 1768
1744 7668
1745 6720
1746 2004
1747 1827
1748 7789
1749 1110
1750 7744
1751 6733
1752 6188
1753 2243
1754 3561
1755 592
1756 8230
1757 5208
1758 3597
1759 492
1760 939
1761 1051
1762 1380
1763 1749
1764 1652
1765 6332
1766 356
1767 2769
1768 485
1769 3199
1770 5051
1771 3385
1772 5068
1773 102
1774 4448
1775 5134
1776 3820
1777 911
1778 7373
1779 1487
1780 6068
1781 4391
1782 8297
1783 6966
1784 306
1785 2390
1786 3746
1787 804
1788 6867
1789 6325
1790 7226
1791 4140
1792 6688
1793 1784
1794 7739
1795 5054
1796 7568
1797 3841
1798 7842
1799 3891
1800 1651
1801 2433
1802 2832
1803 5283
1804 8392
1805 3002
1806 4563
1807 688
1808 6829
1809 6282
1810 8368
1811 7682
1812 2993
1813 4337
1814 4453
1815 3349
1816 4959
1817 4191
1818 3573
1819 3288
1820 6428
1821 8688
1822 3965
1823 4416
1824 4454
1825 8774
1826 8586
1827 2743
1828 5415
1829 2362
1830 4374
1831 5095
1832 7053
1833 7965
1834 3273
1835 2701
1836 6908
1837 1521
1838 5599
1839 1541
1840 93
1841 5318
1842 7515
1843 992
1844 8872
1845 3824
1846 5261
1847 1888
1848 620
1849 6598
1850 7582
1851 2544
1852 1566
1853 767
1854 1218
1855 6868
1856 1782
1857 2489
1858 1837
1859 7126
1860 6883
1861 6340
1862 5745
1863 983
1864 3044
1865 8043
1866 1116
1867 5133
1868 7502
1869 473
1870 7955
1871 6478
1872 4857
1873 1398
1874 6797
1875 4624
1876 6157
1877 8363
1878 694
1879 6977
1880 5191
1881 5000
1882 7115
1883 830
1884 2875
1885 250
1886 5890
1887 7038
1888 2593
1889 387
1890 5080
1891 926
1892 4310
1893 4889
1894 359
1895 3670
1896 770
1897 4547
1898 5840
1899 4721
1900 3873
1901 2682
1902 8517
1903 3204
1904 6743
1905 4107
1906 716
1907 8426
1908 811
1909 3980
1910 7812
1911 3489
1912 4641
1913 7698
1914 2798
1915 6976
1916 7656
1917 7320
1918 4497
1919 2826
1920 6368
1921 6476
1922 3485
1923 2183
1924 2346
1925 3038
1926 7055
1927 8418
1928 1332
1929 4066
1930 7814
1931 3964
1932 6727
1933 1847
1934 2794
1935 265
1936 8885
1937 4589
1938 33
1939 7722
1940 6819
1941 86
1942 137
1943 1168
1944 1872
1945 4562
1946 3088
1947 5474
1948 728
1949 5623
1950 1598
1951 8386
1952 1170
1953 4626
1954 376
1955 935
1956 5378
1957 5055
1958 2410
1959 4542
1960 3910
1961 8761
1962 6665
1963 6388
1964 7657
1965 7877
1966 1352
1967 3343
1968 180
1969 6253
1970 943
1971 6168
1972 866
1973 1917
1974 4632
1975 1788
1976 4938
1977 5353
1978 6191
1979 962
1980 1165
1981 2802
1982 1446
1983 8370
1984 7236
1985 4817
1986 2177
1987 4871
1988 2514
1989 2050
1990 1930
1991 5939
1992 2942
1993 8266
1994 6528
1995 3650
1996 3211
1997 89
1998 3611
1999 399
2000 5437
2001 449
2002 5359
2003 5096
2004 5003
2005 4062
2006 8008
2007 3907
2008 8796
2009 1079
2010 8237
2011 3639
2012 3246
2013 1567
2014 7240
2015 1767
2016 2537
2017 4197
2018 6091
2019 5490
2020 3261
2021 1560
2022 6874
2023 2883
2024 6110
2025 5220
2026 4027
2027 4252
2028 3593
2029 4501
2030 6466
2031 6702
2032 1271
2033 2015
2034 6885
2035 2652
2036 6055
2037 8007
2038 2958
2039 5700
2040 2480
2041 4462
2042 5910
2043 6023
2044 3120
2045 7433
2046 6973
2047 8855
2048 1
2049 871
2050 8460
2051 2110
2052 3390
2053 7952
2054 987
2055 6438
2056 2395
2057 771
2058 1752
2059 3082
2060 3805
2061 7321
2062 8490
2063 4221
2064 1019
2065 3644
2066 7357
2067 132
2068 6928
2069 2152
2070 4072
2071 1746
2072 3245
2073 5867
2074 2681
2075 1258
2076 1458
2077 7723
2078 1852
2079 2163
2080 3257
2081 899
2082 1591
2083 2117
2084 4244
2085 890
2086 1167
2087 6184
2088 2657
2089 3043
2090 8682
2091 2027
2092 88
2093 7121
2094 1337
2095 7699
2096 4688
2097 8092
2098 8242
2099 3423
2100 5395
2101 5630
2102 4953
2103 1262
2104 742
2105 1576
2106 6004
2107 4957
2108 8086
2109 8797
2110 5256
2111 4960
2112 3662
2113 4654
2114 3508
2115 4927
2116 5103
2117 2765
2118 7008
2119 7564
2120 8076
2121 129
2122 8147
2123 1792
2124 1878
2125 7057
2126 69
2127 7763
2128 6878
2129 1071
2130 2279
2131 3470
2132 7098
2133 497
2134 3283
2135 5854
2136 3071
2137 8322
2138 4330
2139 904
2140 8699
2141 705
2142 818
2143 7116
2144 7511
2145 2035
2146 3769
2147 1418
2148 507
2149 217
2150 8325
2151 5610
2152 4486
2153 4046
2154 2083
2155 7939
2156 3832
2157 772
2158 8433
2159 4302
2160 1531
2161 4490
2162 1815
2163 3643
2164 8820
2165 7019
2166 4573
2167 404
2168 8121
2169 234
2170 7819
2171 4459
2172 8397
2173 6234
2174 4728
2175 8730
2176 545
2177 6547
2178 1460
2179 5893
2180 4477
2181 8551
2182 7987
2183 8252
2184 4095
2185 2058
2186 2305
2187 553
2188 1496
2189 6273
2190 7332
2191 5969
2192 1880
2193 2734
2194 1624
2195 684
2196 4991
2197 7988
2198 5425
2199 5524
2200 1635
2201 3738
2202 6633
2203 780
2204 8847
2205 7205
2206 3330
2207 3596
2208 2996
2209 4645
2210 5027
2211 443
2212 7714
2213 5752
2214 624
2215 5564
2216 5578
2217 1995
2218 7229
2219 4364
2220 964
2221 3023
2222 2018
2223 5790
2224 1421
2225 7414
2226 2487
2227 7334
2228 7550
2229 1524
2230 4867
2231 2479
2232 1363
2233 4853
2234 2283
2235 4769
2236 6573
2237 3439
2238 498
2239 6762
2240 367
2241 5545
2242 2948
2243 6323
2244 809
2245 8835
2246 8229
2247 3792
2248 6403
2249 5173
2250 3692
2251 2432
2252 3521
2253 5505
2254 5979
2255 4246
2256 4794
2257 6360
2258 1786
2259 3156
2260 5800
2261 2811
2262 710
2263 1554
2264 8101
2265 4946
2266 5007
2267 7890
2268 5613
2269 6517
2270 1859
2271 215
2272 6374
2273 828
2274 2250
2275 7762
2276 3062
2277 4352
2278 3598
2279 8531
2280 6995
2281 2211
2282 6785
2283 1389
2284 8111
2285 6600
2286 2653
2287 194
2288 8538
2289 5682
2290 1794
2291 631
2292 2357
2293 5399
2294 702
2295 3809
2296 2956
2297 1225
2298 4441
2299 1738
2300 8543
2301 2656
2302 4377
2303 2992
2304 6095
2305 2527
2306 4394
2307 8181
2308 1649
2309 5057
2310 6342
2311 2272
2312 1109
2313 3879
2314 8807
2315 7750
2316 4301
2317 1856
2318 7664
2319 6181
2320 1698
2321 6409
2322 3762
2323 5710
2324 6015
2325 8887
2326 7933
2327 2074
2328 3974
2329 1532
2330 1710
2331 1334
2332 3531
2333 49
2334 1753
2335 8755
2336 2847
2337 3927
2338 5211
2339 1002
2340 3469
2341 8582
2342 889
2343 4208
2344 2540
2345 2534
2346 216
2347 8819
2348 1440
2349 8083
2350 6856
2351 83
2352 2389
2353 7611
2354 4328
2355 5551
2356 4500
2357 4103
2358 524
2359 8562
2360 547
2361 3719
2362 1538
2363 6766
2364 2703
2365 3194
2366 8570
2367 601
2368 6035
2369 3602
2370 302
2371 1877
2372 6601
2373 3209
2374 2011
2375 6936
2376 5510
2377 5335
2378 1735
2379 6029
2380 4907
2381 1321
2382 3447
2383 5171
2384 4765
2385 4820
2386 2941
2387 4974
2388 7164
2389 2447
2390 1982
2391 4657
2392 2532
2393 6123
2394 3467
2395 956
2396 2284
2397 2101
2398 8109
2399 1073
2400 6460
2401 7096
2402 7961
2403 3663
2404 999
2405 5863
2406 4142
2407 4198
2408 1601
2409 5032
2410 8501
2411 151
2412 6412
2413 5192
2414 3807
2415 8495
2416 3536
2417 4182
2418 2557
2419 8311
2420 2643
2421 3310
2422 7577
2423 53
2424 1276
2425 8062
2426 4713
2427 1557
2428 6093
2429 4264
2430 6186
2431 4488
2432 2374
2433 1596
2434 7796
2435 1127
2436 3517
2437 6763
2438 7598
2439 1324
2440 531
2441 2820
2442 8276
2443 8739
2444 5087
2445 7489
2446 3585
2447 354
2448 2674
2449 5761
2450 5195
2451 7910
2452 3529
2453 8458
2454 3244
2455 3550
2456 8461
2457 734
2458 11
2459 6255
2460 4524
2461 7833
2462 2760
2463 4428
2464 4118
2465 2336
2466 575
2467 2766
2468 460
2469 6542
2470 452
2471 2828
2472 2318
2473 6779
2474 6373
2475 6139
2476 7173
2477 7795
2478 2038
2479 2784
2480 4804
2481 2640
2482 4028
2483 7170
2484 3968
2485 3366
2486 1737
2487 2031
2488 691
2489 3179
2490 8576
2491 2412
2492 1831
2493 223
2494 7495
2495 613
2496 5222
2497 6714
2498 3457
2499 2118
2500 2089
2501 5902
2502 4396
2503 6677
2504 720
2505 8660
2506 246
2507 493
2508 7352
2509 5882
2510 7615
2511 5483
2512 5260
2513 534
2514 7756
2515 774
2516 3944
2517 8504
2518 4282
2519 672
2520 2801
2521 940
2522 7937
2523 3484
2524 2469
2525 5061
2526 6009
2527 4012
2528 3472
2529 382
2530 1658
2531 5015
2532 4593
2533 1639
2534 3028
2535 7964
2536 51
2537 8406
2538 6086
2539 1464
2540 6724
2541 5221
2542 2187
2543 4595
2544 4848
2545 4988
2546 1605
2547 7608
2548 1191
2549 6909
2550 2376
2551 4571
2552 2341
2553 4152
2554 444
2555 6284
2556 6721
2557 4203
2558 1578
2559 4353
2560 5367
2561 5105
2562 7037
2563 4849
2564 4551
2565 5110
2566 1536
2567 4108
2568 5598
2569 6
2570 570
2571 6692
2572 2770
2573 7150
2574 5338
2575 8170
2576 7272
2577 1252
2578 212
2579 4137
2580 7804
2581 7025
2582 5869
2583 7820
2584 4411
2585 456
2586 5647
2587 1066
2588 577
2589 8455
2590 7831
2591 157
2592 8709
2593 4565
2594 4457
2595 5422
2596 3354
2597 7914
2598 2977
2599 3914
2600 5865
2601 4402
2602 1429
2603 7692
2604 1411
2605 1964
2606 4594
2607 8224
2608 4342
2609 7980
2610 7213
2611 3454
2612 1685
2613 6085
2614 2005
2615 6623
2616 5967
2617 7578
2618 2248
2619 4614
2620 3570
2621 3844
2622 2772
2623 7559
2624 22
2625 2419
2626 8747
2627 4875
2628 1328
2629 273
2630 7225
2631 1209
2632 7659
2633 6962
2634 5877
2635 2990
2636 7958
2637 3490
2638 1250
2639 7232
2640 5846
2641 232
2642 1234
2643 8317
2644 4527
2645 3733
2646 5060
2647 2313
2648 4495
2649 8893
2650 5155
2651 7730
2652 7452
2653 5712
2654 333
2655 8616
2656 7090
2657 7788
2658 4806
2659 8200
2660 5024
2661 1759
2662 442
2663 2968
2664 5384
2665 6411
2666 8385
2667 2997
2668 7686
2669 1722
2670 1284
2671 1686
2672 7082
2673 8001
2674 4543
2675 6134
2676 3730
2677 6737
2678 2936
2679 6352
2680 4099
2681 3579
2682 5461
2683 2724
2684 5181
2685 3712
2686 3290
2687 7537
2688 7251
2689 1238
2690 8131
2691 5616
2692 8151
2693 3114
2694 5491
2695 8324
2696 2967
2697 4556
2698 4759
2699 6935
2700 2443
2701 3315
2702 3547
2703 6224
2704 76
2705 4415
2706 3340
2707 7616
2708 7646
2709 371
2710 117
2711 247
2712 1437
2713 4115
2714 1283
2715 4254
2716 6278
2717 2102
2718 8424
2719 854
2720 3864
2721 1384
2722 2122
2723 8269
2724 3326
2725 5085
2726 4799
2727 3822
2728 5463
2729 6520
2730 8521
2731 799
2732 5381
2733 6492
2734 5016
2735 4249
2736 5315
2737 490
2738 808
2739 8800
2740 1972
2741 1450
2742 2752
2743 3119
2744 6506
2745 467
2746 6422
2747 1199
2748 3789
2749 8123
2750 350
2751 4757
2752 7669
2753 8595
2754 2104
2755 6209
2756 3018
2757 8119
2758 5980
2759 6051
2760 616
2761 187
2762 7453
2763 242
2764 7092
2765 8891
2766 8253
2767 5562
2768 711
2769 6410
2770 4032
2771 7047
2772 352
2773 2746
2774 5413
2775 2079
2776 8674
2777 6509
2778 7850
2779 478
2780 2327
2781 6120
2782 2342
2783 3132
2784 8329
2785 377
2786 165
2787 5136
2788 4829
2789 1983
2790 8822
2791 8352
2792 8592
2793 7637
2794 6707
2795 4855
2796 56
2797 727
2798 8337
2799 805
2800 200
2801 6275
2802 5464
2803 7837
2804 4165
2805 8454
2806 3711
2807 2048
2808 2679
2809 7077
2810 1158
2811 823
2812 7765
2813 3554
2814 7618
2815 1966
2816 6575
2817 260
2818 2261
2819 513
2820 1233
2821 6846
2822 7034
2823 4325
2824 188
2825 2442
2826 543
2827 3041
2828 1901
2829 2040
2830 6124
2831 3881
2832 5839
2833 3329
2834 1644
2835 5298
2836 3382
2837 294
2838 3479
2839 7188
2840 2756
2841 8773
2842 3926
2843 4307
2844 1180
2845 6551
2846 4250
2847 103
2848 2753
2849 5254
2850 2146
2851 289
2852 8197
2853 3744
2854 8853
2855 2136
2856 6384
2857 621
2858 2542
2859 2216
2860 463
2861 4517
2862 3705
2863 6748
2864 3159
2865 7125
2866 6614
2867 3432
2868 932
2869 1075
2870 1818
2871 3140
2872 3440
2873 2244
2874 4897
2875 1387
2876 5838
2877 2331
2878 35
2879 566
2880 4722
2881 8343
2882 639
2883 8556
2884 752
2885 5310
2886 4961
2887 6308
2888 3480
2889 520
2890 5554
2891 8204
2892 7667
2893 3506
2894 3982
2895 3620
2896 4697
2897 4138
2898 1447
2899 2553
2900 2547
2901 4210
2902 6586
2903 4240
2904 8223
2905 5284
2906 7094
2907 5042
2908 505
2909 7505
2910 6843
2911 5213
2912 5589
2913 3217
2914 4084
2915 4349
2916 2238
2917 4720
2918 1661
2919 713
2920 936
2921 5941
2922 1947
2923 6136
2924 7626
2925 5857
2926 1564
2927 3604
2928 5140
2929 8174
2930 316
2931 6216
2932 1374
2933 1817
2934 6164
2935 4522
2936 5443
2937 1836
2938 2562
2939 2160
2940 3981
2941 3013
2942 6932
2943 3164
2944 4727
2945 6322
2946 7876
2947 1780
2948 6041
2949 8423
2950 6286
2951 5749
2952 6825
2953 2538
2954 2711
2955 3072
2956 3571
2957 6691
2958 1633
2959 7186
2960 6456
2961 8246
2962 6965
2963 7410
2964 4270
2965 2139
2966 6500
2967 2726
2968 3874
2969 101
2970 3213
2971 6581
2972 7475
2973 2251
2974 4418
2975 6610
2976 6405
2977 7192
2978 2551
2979 3436
2980 5699
2981 2889
2982 4263
2983 5944
2984 173
2985 5830
2986 1909
2987 587
2988 7673
2989 4083
2990 7930
2991 5633
2992 653
2993 8061
2994 5322
2995 654
2996 4925
2997 1803
2998 5926
2999 7296
3000 34
3001 6812
3002 3565
3003 7923
3004 8146
3005 2302
3006 7881
3007 357
3008 666
3009 7063
3010 6572
3011 3363
3012 2459
3013 1365
3014 2714
3015 6822
3016 4010
3017 4790
3018 8681
3019 7530
3020 236
3021 3541
3022 3855
3023 3136
3024 2999
3025 5402
3026 2175
3027 6177
3028 8187
3029 1067
3030 414
3031 1251
3032 1344
3033 5267
3034 876
3035 5232
3036 1390
3037 7007
3038 4858
3039 8886
3040 3373
3041 7976
3042 7593
3043 6266
3044 3752
3045 5466
3046 2367
3047 6463
3048 6749
3049 8864
3050 1136
3051 6141
3052 6618
3053 1407
3054 7660
3055 8677
3056 7211
3057 2278
3058 1892
3059 7711
3060 5716
3061 1098
3062 1020
3063 2446
3064 2960
3065 952
3066 3992
3067 32
3068 3786
3069 2288
3070 58
3071 2217
3072 1102
3073 5632
3074 5300
3075 8346
3076 7572
3077 5224
3078 7403
3079 8285
3080 2237
3081 5056
3082 1016
3083 4928
3084 2541
3085 8564
3086 2315
3087 6549
3088 5504
3089 5591
3090 1254
3091 6915
3092 1881
3093 5231
3094 7612
3095 586
3096 255
3097 7666
3098 8763
3099 5960
3100 793
3101 2264
3102 1227
3103 3426
3104 2343
3105 5116
3106 6423
3107 7605
3108 1592
3109 1945
3110 2943
3111 1622
3112 994
3113 8359
3114 5114
3115 7027
3116 2280
3117 6627
3118 568
3119 7319
3120 6174
3121 3294
3122 4532
3123 2190
3124 6706
3125 3698
3126 4229
3127 1018
3128 1804
3129 1640
3130 4452
3131 6934
3132 2788
3133 3546
3134 7299
3135 7437
3136 220
3137 3418
3138 6607
3139 5958
3140 8659
3141 7267
3142 5674
3143 3094
3144 4750
3145 6486
3146 7249
3147 2985
3148 841
3149 5611
3150 37
3151 2453
3152 5587
3153 837
3154 5309
3155 7004
3156 6202
3157 5345
3158 708
3159 4009
3160 6960
3161 2435
3162 7291
3163 5266
3164 2739
3165 2694
3166 1386
3167 7721
3168 6039
3169 3562
3170 465
3171 7002
3172 6712
3173 5775
3174 3222
3175 8377
3176 6182
3177 4340
3178 3726
3179 6146
3180 847
3181 5675
3182 5645
3183 5058
3184 2581
3185 6106
3186 8150
3187 5354
3188 6030
3189 7411
3190 8010
3191 5812
3192 637
3193 3231
3194 4106
3195 2974
3196 2033
3197 2289
3198 931
3199 7040
3200 8888
3201 8077
3202 563
3203 2228
3204 4564
3205 627
3206 5668
3207 4901
3208 646
3209 2485
3210 2776
3211 8817
3212 1500
3213 2113
3214 2009
3215 7665
3216 7706
3217 6487
3218 8335
3219 7532
3220 8115
3221 4470
3222 5404
3223 1756
3224 19
3225 7927
3226 5329
3227 1195
3228 5350
3229 2010
3230 1052
3231 8794
3232 2959
3233 6436
3234 3030
3235 1675
3236 7638
3237 7167
3238 8751
3239 1976
3240 3100
3241 2271
3242 1962
3243 6067
3244 1482
3245 2666
3246 5861
3247 4879
3248 1796
3249 4321
3250 2596
3251 6444
3252 3932
3253 8843
3254 3847
3255 2197
3256 4180
3257 8585
3258 3200
3259 4354
3260 6153
3261 7649
3262 5656
3263 8829
3264 5119
3265 5673
3266 6391
3267 8434
3268 1042
3269 3057
3270 1561
3271 8198
3272 928
3273 1910
3274 464
3275 3765
3276 3515
3277 120
3278 551
3279 1800
3280 290
3281 8833
3282 5370
3283 4729
3284 2628
3285 8896
3286 6357
3287 375
3288 7609
3289 5900
3290 1497
3291 8712
3292 1368
3293 6634
3294 1868
3295 6622
3296 5341
3297 4300
3298 6291
3299 98
3300 118
3301 4693
3302 2131
3303 5576
3304 2164
3305 4473
3306 696
3307 5534
3308 2504
3309 914
3310 6285
3311 3077
3312 293
3313 7946
3314 1463
3315 1159
3316 7919
3317 5229
3318 3934
3319 884
3320 2817
3321 7553
3322 5067
3323 6894
3324 4100
3325 4283
3326 2223
3327 635
3328 7640
3329 5012
3330 4818
3331 4516
3332 4005
3333 4110
3334 2625
3335 4760
3336 166
3337 7412
3338 2275
3339 5915
3340 5603
3341 3411
3342 4797
3343 4661
3344 5593
3345 5978
3346 5949
3347 1741
3348 8716
3349 8286
3350 1000
3351 2492
3352 3952
3353 6786
3354 8038
3355 6527
3356 146
3357 744
3358 3105
3359 4989
3360 3572
3361 1790
3362 2061
3363 4430
3364 4873
3365 2603
3366 4936
3367 6350
3368 2273
3369 3276
3370 1523
3371 7449
3372 8235
3373 7081
3374 8005
3375 2554
3376 3169
3377 402
3378 6544
3379 1895
3380 6753
3381 8399
3382 7531
3383 8867
3384 2239
3385 433
3386 8743
3387 1087
3388 4235
3389 1621
3390 1147
3391 3994
3392 7313
3393 2008
3394 8417
3395 8351
3396 530
3397 3135
3398 8541
3399 7809
3400 7527
3401 3796
3402 5203
3403 345
3404 5361
3405 7337
3406 8633
3407 3594
3408 6468
3409 5572
3410 6807
3411 4662
3412 8175
3413 2503
3414 3770
3415 5937
3416 2468
3417 996
3418 3364
3419 1502
3420 1166
3421 1843
3422 4993
3423 2334
3424 5767
3425 1631
3426 7080
3427 2295
3428 5444
3429 2165
3430 4393
3431 346
3432 4261
3433 7506
3434 4736
3435 3815
3436 1072
3437 5180
3438 6169
3439 7145
3440 7503
3441 5313
3442 3174
3443 1095
3444 7338
3445 3292
3446 7183
3447 7639
3448 5797
3449 6156
3450 2297
3451 4767
3452 5185
3453 3287
3454 2497
3455 4192
3456 4756
3457 2808
3458 6902
3459 4917
3460 569
3461 4725
3462 4227
3463 5410
3464 1341
3465 3312
3466 7024
3467 5303
3468 6371
3469 301
3470 392
3471 8738
3472 1351
3473 6087
3474 8502
3475 2185
3476 924
3477 1029
3478 5311
3479 6241
3480 2227
3481 8084
3482 3184
3483 1987
3484 8697
3485 4339
3486 5951
3487 5810
3488 2421
3489 5001
3490 7860
3491 243
3492 393
3493 2560
3494 2397
3495 2133
3496 78
3497 5274
3498 1912
3499 6044
3500 6294
3501 2893
3502 5449
3503 1513
3504 8355
3505 6959
3506 2867
3507 5713
3508 606
3509 1304
3510 7735
3511 340
3512 1805
3513 885
3514 2825
3515 824
3516 1288
3517 269
3518 3985
3519 2782
3520 4533
3521 3118
3522 1360
3523 8882
3524 5132
3525 2759
3526 2516
3527 1187
3528 3198
3529 7335
3530 4322
3531 826
3532 5746
3533 3173
3534 8432
3535 1762
3536 3112
3537 3351
3538 484
3539 785
3540 5071
3541 4271
3542 8236
3543 4616
3544 1520
3545 335
3546 2502
3547 8414
3548 1937
3549 4092
3550 8700
3551 6988
3552 1725
3553 2293
3554 6617
3555 7769
3556 990
3557 4395
3558 2793
3559 3300
3560 4915
3561 4530
3562 617
3563 1442
3564 5151
3565 1342
3566 2016
3567 1146
3568 2983
3569 5814
3570 4567
3571 5352
3572 457
3573 5901
3574 8624
3575 6734
3576 5246
3577 5507
3578 2092
3579 3530
3580 8032
3581 7954
3582 5296
3583 4731
3584 667
3585 8636
3586 2951
3587 1399
3588 1490
3589 8332
3590 2260
3591 8000
3592 267
3593 7589
3594 6213
3595 664
3596 642
3597 1778
3598 8486
3599 1281
3600 1687
3601 4112
3602 4709
3603 2020
3604 6630
3605 2012
3606 8211
3607 7738
3608 7427
3609 4487
3610 5735
3611 3264
3612 3858
3613 6462
3614 8319
3615 7300
3616 910
3617 8020
3618 798
3619 71
3620 2673
3621 6031
3622 8358
3623 8663
3624 1740
3625 2417
3626 6930
3627 6703
3628 7208
3629 1715
3630 8017
3631 1811
3632 542
3633 3084
3634 7072
3635 3803
3636 4355
3637 7773
3638 2633
3639 3223
3640 3299
3641 8821
3642 8780
3643 2277
3644 5737
3645 8683
3646 8227
3647 4810
3648 3459
3649 5488
3650 139
3651 7075
3652 8106
3653 5441
3654 4125
3655 7344
3656 6994
3657 1996
3658 4890
3659 755
3660 1647
3661 2749
3662 3612
3663 1957
3664 8073
3665 7499
3666 3225
3667 4426
3668 5575
3669 1623
3670 4135
3671 3883
3672 5496
3673 6498
3674 7312
3675 2290
3676 5321
3677 5913
3678 5131
3679 5217
3680 6990
3681 972
3682 8658
3683 3478
3684 7490
3685 308
3686 8734
3687 1154
3688 4748
3689 8865
3690 7376
3691 6096
3692 6790
3693 5686
3694 723
3695 4183
3696 8685
3697 7760
3698 1577
3699 6697
3700 2045
3701 6532
3702 5239
3703 2090
3704 1263
3705 5275
3706 4947
3707 4018
3708 7782
3709 3684
3710 7586
3711 1430
3712 109
3713 7875
3714 7488
3715 6728
3716 1562
3717 2124
3718 7392
3719 5292
3720 128
3721 4541
3722 149
3723 4195
3724 741
3725 3352
3726 6984
3727 3275
3728 1970
3729 676
3730 5946
3731 6523
3732 643
3733 8396
3734 1017
3735 8350
3736 1237
3737 5139
3738 2630
3739 2234
3740 541
3741 1501
3742 2210
3743 6299
3744 5581
3745 6921
3746 1152
3747 4151
3748 5975
3749 849
3750 1548
3751 6746
3752 8710
3753 7212
3754 2707
3755 5669
3756 6277
3757 1718
3758 3856
3759 2142
3760 5234
3761 7168
3762 515
3763 7210
3764 2685
3765 1743
3766 2655
3767 8006
3768 6923
3769 677
3770 1956
3771 670
3772 3996
3773 7780
3774 2484
3775 6392
3776 3950
3777 8520
3778 2995
3779 4929
3780 2773
3781 3375
3782 2256
3783 3697
3784 6262
3785 4687
3786 8696
3787 4893
3788 4222
3789 965
3790 3812
3791 1771
3792 6537
3793 3066
3794 5530
3795 5987
3796 4069
3797 7093
3798 1311
3799 4006
3800 5799
3801 203
3802 1944
3803 1204
3804 4792
3805 4114
3806 305
3807 3247
3808 1758
3809 8596
3810 353
3811 1275
3812 208
3813 5784
3814 2854
3815 5518
3816 8555
3817 2438
3818 2600
3819 3333
3820 2330
3821 2896
3822 90
3823 4574
3824 292
3825 5724
3826 5308
3827 1545
3828 1717
3829 8481
3830 859
3831 2605
3832 5906
3833 7253
3834 2066
3835 4939
3836 8102
3837 8357
3838 2127
3839 5010
3840 5805
3841 2691
3842 6866
3843 4935
3844 5117
3845 8063
3846 7916
3847 347
3848 8364
3849 2354
3850 731
3851 7297
3852 2938
3853 1701
3854 1088
3855 5197
3856 8760
3857 8599
3858 8723
3859 8238
3860 5931
3861 8105
3862 268
3863 2451
3864 5631
3865 7736
3866 7394
3867 5307
3868 3548
3869 3748
3870 2230
3871 156
3872 6907
3873 1547
3874 6279
3875 640
3876 7500
3877 4831
3878 4694
3879 3960
3880 4023
3881 4397
3882 8588
3883 8772
3884 5665
3885 1280
3886 7694
3887 2140
3888 8315
3889 1325
3890 2394
3891 167
3892 6393
3893 3424
3894 2953
3895 4410
3896 3398
3897 2321
3898 607
3899 6596
3900 5183
3901 1726
3902 4479
3903 62
3904 3759
3905 4874
3906 3165
3907 5822
3908 7862
3909 6899
3910 3776
3911 8561
3912 3486
3913 6646
3914 5236
3915 1693
3916 8388
3917 3053
3918 6592
3919 3868
3920 5502
3921 8428
3922 7986
3923 5808
3924 4404
3925 1857
3926 1462
3927 7658
3928 7244
3929 7228
3930 8781
3931 4672
3932 8721
3933 5009
3934 3560
3936 5588
3937 2728
3938 6937
3939 3304
3940 1978
3941 2670
3942 978
3943 558
3944 4348
3945 6427
3946 8113
3947 5380
3948 1354
3949 7727
3950 1721
3951 527
3952 2906
3953 380
3954 4698
3955 1131
3956 5697
3957 5066
3958 7202
3959 4969
3960 1535
3961 6655
3962 2120
3963 7363
3964 827
3965 7256
3966 3850
3967 6540
3968 6319
3969 6211
3970 6961
3971 8232
3972 2233
3973 4783
3974 4031
3975 1907
3976 244
3977 253
3978 7588
3979 8120
3980 5896
3981 3281
3982 8381
3983 2043
3984 7044
3985 7621
3986 1255
3987 3504
3988 8672
3989 7708
3990 162
3991 1064
3992 3376
3993 5228
3994 4841
3995 3428
3996 2578
3997 715
3998 8320
3999 5850
4000 1080
4001 5013
4002 3399
4003 1510
4004 2949
4005 4406
4006 6267
4007 5571
4008 6137
4009 2199
4010 4771
4011 4014
4012 1467
4013 3076
4014 3889
4015 7250
4016 5981
4017 6603
4018 8129
4019 8333
4020 3838
4021 3831
4022 7746
4023 1801
4024 3895
4025 2678
4026 2518
4027 5692
4028 3462
4029 4998
4030 1120
4031 4825
4032 948
4033 5962
4034 3875
4035 1973
4036 2171
4037 1755
4038 2945
4039 8736
4040 3155
4041 5237
4042 7405
4043 692
4044 7613
4045 562
4046 2647
4047 3438
4048 1030
4049 4904
4050 2472
4051 2276
4052 747
4053 8159
4054 5301
4055 3362
4056 1643
4057 1734
4058 3404
4059 8706
4060 4576
4061 768
4062 4718
4063 5766
4064 4070
4065 7929
4066 7070
4067 8023
4068 2815
4069 8539
4070 1603
4071 4803
4072 3778
4073 2002
4074 786
4075 7994
4076 3316
4077 1148
4078 5120
4079 2651
4080 6674
4081 8818
4082 3032
4083 7632
4084 4653
4085 7442
4086 3085
4087 704
4088 4132
4089 2167
4090 4636
4091 7270
4092 1480
4093 8226
4094 4550
4095 3689
4096 6836
4097 7434
4098 7207
4099 4842
4100 3523
4101 8608
4102 8646
4103 4943
4104 2392
4105 1061
4106 6816
4107 6355
4108 2966
4109 5207
4110 1984
4111 7784
4112 6844
4113 2884
4114 8039
4115 1770
4116 5558
4117 5262
4118 6833
4119 5928
4120 326
4121 821
4122 5985
4123 6946
4124 4967
4125 7215
4126 594
4127 7366
4128 6016
4129 437
4130 2051
4131 7518
4132 3852
4133 7839
4134 8526
4135 7
4136 80
4137 1163
4138 3876
4139 7931
4140 6694
4141 5448
4142 4682
4143 5141
4144 2235
4145 7647
4146 721
4147 6767
4148 496
4149 4120
4150 8544
4151 1033
4152 2695
4153 6768
4154 7011
4155 7996
4156 6197
4157 7288
4158 5809
4159 4298
4160 521
4161 6239
4162 5785
4163 5683
4164 3148
4165 4987
4166 5063
4167 3987
4168 8278
4169 3306
4170 8511
4171 5312
4172 8045
4173 1503
4174 8093
4175 4631
4176 4730
4177 6449
4178 4870
4179 7326
4180 3301
4181 8413
4182 2439
4183 8305
4184 5520
4185 8004
4186 590
4187 8626
4188 561
4189 6793
4190 923
4191 6472
4192 3056
4193 1322
4194 8264
4195 7045
4196 8202
4197 231
4198 2572
4199 7903
4200 5019
4201 2604
4202 7260
4203 6200
4204 5568
4205 7316
4206 4785
4207 8741
4208 3311
4209 1256
4210 3125
4211 1587
4212 582
4213 4665
4214 1346
4215 2919
4216 6708
4217 8694
4218 1997
4219 2531
4220 1941
4221 765
4222 6929
4223 5883
4224 7777
4225 6032
4226 5845
4227 5153
4228 8176
4229 4971
4230 3660
4231 5592
4232 1903
4233 8778
4234 6678
4235 4742
4236 4761
4237 1124
4238 3922
4239 2648
4240 4711
4241 161
4242 7381
4243 4546
4244 912
4245 1902
4246 4241
4247 1395
4248 5454
4249 1431
4250 2196
4251 5635
4252 5243
4253 5904
4254 369
4255 1838
4256 8365
4257 2179
4258 7534
4259 440
4260 3771
4261 4318
4262 8448
4263 8003
4264 8407
4265 8182
4266 6890
4267 509
4268 8193
4269 482
4270 1628
4271 1475
4272 4887
4273 57
4274 3695
4275 4754
4276 5714
4277 7379
4278 8216
4279 3967
4280 8473
4281 286
4282 6050
4283 4510
4284 4504
4285 42
4286 6839
4287 8676
4288 6940
4289 7303
4290 227
4291 3849
4292 8014
4293 3429
4294 491
4295 5419
4296 7909
4297 2347
4298 8667
4299 2025
4300 7354
4301 4796
4302 4463
4303 176
4304 3121
4305 4997
4306 3627
4307 3318
4308 6361
4309 8208
4310 5495
4311 7194
4312 1664
4313 5409
4314 5935
4315 3116
4316 1955
4317 2934
4318 7467
4319 2963
4320 3566
4321 2629
4322 5334
4323 1991
4324 4864
4325 2803
4326 4680
4327 4599
4328 351
4329 2903
4330 5919
4331 1345
4332 6987
4333 3059
4334 7753
4335 7870
4336 5084
4337 2636
4338 6927
4339 27
4340 1247
4341 7610
4342 5031
4343 8568
4344 4045
4345 8420
4346 6938
4347 7067
4348 4176
4349 4774
4351 5034
4352 7650
4353 6860
4354 3866
4355 7158
4356 4610
4357 1299
4358 6559
4359 3667
4360 6172
4361 6745
4362 3129
4363 2200
4364 3341
4365 3464
4366 2249
4367 4063
4368 3011
4369 7042
4370 1414
4371 330
4372 5687
4373 4828
4374 8717
4375 6112
4376 5049
4377 364
4378 4638
4379 699
4380 6043
4381 3006
4382 6105
4383 2306
4384 5794
4385 5776
4387 7324
4388 2840
4389 4472
4390 2775
4391 4387
4392 1062
4393 3990
4394 5323
4395 4568
4396 7607
4397 4067
4398 8401
4399 1781
4400 7187
4401 3476
4402 6377
4403 6242
4404 2851
4405 7794
4406 3577
4407 4316
4408 7871
4409 5864
4410 3978
4411 3813
4412 6027
4413 2303
4414 8013
4415 6115
4416 7424
4417 6477
4418 5676
4419 7440
4420 6684
4421 7389
4422 7184
4423 1568
4424 7311
4425 803
4426 8429
4427 7940
4428 4019
4429 7829
4430 966
4431 5445
4432 5107
4433 6194
4434 3582
4435 2732
4436 5585
4437 529
4438 1339
4439 3495
4440 4434
4441 4984
4442 6338
4443 1406
4444 3183
4445 3659
4446 8240
4447 610
4448 8793
4449 7268
4450 2585
4451 997
4452 3672
4453 791
4454 8296
4455 3139
4456 4049
4457 5993
4458 1619
4459 4663
4460 7304
4461 1953
4462 5950
4463 3938
4464 7934
4465 5825
4466 5351
4467 4859
4468 5175
4469 4163
4470 3442
4471 1359
4472 8360
4473 3384
4474 7485
4475 2972
4476 8027
4477 4074
4478 6144
4479 7079
4480 3713
4481 8573
4482 8450
4483 550
4484 2396
4485 4170
4486 1076
4487 712
4488 1235
4489 3337
4490 958
4491 1470
4492 784
4493 1426
4494 7868
4495 2649
4496 7774
4497 4124
4498 1420
4499 7318
4500 1998
4501 4832
4502 8052
4503 2924
4504 576
4505 3395
4506 5145
4507 4360
4508 4854
4509 3463
4510 4566
4511 7887
4512 2488
4513 8628
4514 6910
4515 5659
4516 7776
4517 3000
4518 8303
4519 3901
4520 3948
4521 897
4522 5081
4523 4090
4524 873
4525 5040
4526 4704
4527 4549
4528 7465
4529 5795
4530 6272
4531 417
4532 5621
4533 2950
4534 7483
4535 7191
4536 1201
4537 3802
4538 196
4539 2475
4540 1401
4541 4021
4542 2386
4543 8367
4544 8653
4545 5098
4546 1423
4547 701
4548 3925
4549 275
4550 1206
4551 5433
4552 1117
4553 1060
4554 390
4555 6195
4556 5328
4557 5918
4558 1265
4559 6261
4560 6905
4561 2639
4562 2049
4563 5295
4564 8641
4565 995
4566 2978
4567 3747
4568 5500
4569 2710
4571 6045
4572 1249
4573 5823
4574 164
4575 1927
4576 1832
4577 8156
4578 1317
4579 4733
4580 2902
4581 4037
4582 632
4583 961
4584 4225
4585 1226
4586 4116
4587 3034
4588 2077
4589 1295
4590 6448
4591 5398
4592 4646
4593 5550
4594 7387
4595 8799
4596 2979
4597 8419
4599 3371
4600 2270
4601 4921
4602 7305
4603 5788
4604 4489
4605 2778
4606 4674
4607 636
4608 3392
4609 1959
4610 3181
4611 862
4612 226
4613 1499
4614 1553
4615 5385
4616 3743
4617 5662
4618 3826
4619 2865
4620 2068
4621 1293
4622 4157
4623 8613
4624 555
4625 8060
4626 5371
4627 5327
4628 2645
4629 7036
4630 1369
4631 6675
4632 8907
4633 5465
4634 4373
4635 1921
4636 1667
4637 2891
4638 4979
4639 8274
4640 4860
4641 5250
4642 7770
4643 339
4644 5731
4645 7999
4646 1660
4647 5522
4648 4202
4649 4515
4650 5257
4651 1177
4652 8801
4653 4260
4654 7904
4655 3170
4656 5366
4657 2920
4658 1584
4659 1989
4660 5694
4661 6698
4662 4910
4663 3897
4664 2510
4665 5693
4666 4365
4667 5661
4668 2900
4669 8041
4670 5908
4671 726
4672 2718
4673 8256
4674 7707
4675 4909
4676 6911
4677 7347
4678 4078
4679 5539
4680 4523
4681 8834
4682 4723
4683 1078
4684 7687
4685 318
4686 4496
4687 1302
4688 7146
4689 1010
4690 662
4691 2848
4692 218
4693 6012
4694 8494
4695 2824
4696 455
4697 919
4698 7684
4699 8293
4700 5821
4701 7448
4702 2246
4703 3668
4704 5870
4705 2147
4706 3099
4707 758
4708 4082
4709 8513
4710 6481
4711 2855
4712 7843
4713 5815
4714 3501
4715 6256
4716 1873
4717 7677
4718 4173
4719 4793
4720 1133
4721 5769
4722 546
4723 3549
4724 2567
4725 6849
4726 5601
4727 1795
4728 6417
4729 1802
4730 1026
4731 5651
4732 5144
4733 6642
4734 7252
4735 322
4736 834
4737 2154
4738 7594
4739 5157
4740 7705
4741 5994
4742 8814
4743 4898
4744 4053
4745 6895
4746 8362
4747 7971
4748 8509
4749 6828
4750 3975
4751 3080
4752 195
4753 1810
4754 2871
4755 2380
4756 6214
4757 4892
4758 2704
4759 2858
4760 1773
4761 801
4762 5936
4763 5223
4764 3336
4765 1221
4766 5245
4767 3130
4768 5886
4769 4577
4770 4684
4771 883
4772 2991
4773 2429
4774 4983
4775 3940
4776 971
4777 8901
4778 3477
4779 6813
4780 7458
4781 8824
4782 5038
4783 7651
4784 386
4785 6964
4786 1393
4787 3408
4788 8767
4789 50
4790 1119
4791 4623
4792 5996
4793 2506
4794 8594
4795 1349
4796 5679
4797 5476
4798 4705
4799 1659
4800 893
4801 2998
4802 1473
4803 3134
4804 3317
4805 1636
4806 2430
4807 7271
4808 8484
4809 361
4810 2162
4811 3143
4812 5102
4813 7675
4814 650
4815 7922
4816 1593
4817 4423
4818 331
4819 4538
4820 5538
4821 947
4822 2944
4823 5948
4824 8873
4825 7056
4826 4044
4827 6884
4828 3819
4829 8482
4830 6563
4831 7880
4832 1974
4833 5525
4834 5922
4835 1845
4837 1835
4838 6382
4839 6643
4840 5617
4841 5747
4842 729
4843 8744
4844 8142
4845 3958
4846 3629
4847 5888
4848 4707
4849 7622
4850 945
4851 2795
4852 1228
4853 2881
4854 703
4855 1915
4856 2202
4857 3015
4858 8906
4859 3648
4860 3127
4861 4331
4862 104
4863 4834
4864 3212
4865 4034
4866 7171
4867 4540
4868 4949
4869 6558
4870 6100
4871 5090
4872 7573
4873 4775
4874 1742
4875 5640
4876 1751
4877 7749
4878 3898
4879 695
4880 565
4881 6803
4882 5702
4883 2219
4884 241
4885 7852
4886 773
4887 4885
4888 5615
4889 3005
4890 4695
4891 6354
4892 38
4893 1840
4894 1949
4895 384
4896 6056
4897 7124
4898 8040
4899 282
4900 6534
4901 3544
4902 426
4903 2100
4904 2135
4905 6631
4906 8279
4907 8902
4908 4277
4909 6154
4910 6560
4911 864
4912 1189
4913 743
4914 4474
4916 6205
4917 626
4918 1507
4919 6917
4920 7948
4921 6281
4922 2885
4923 6567
4924 1478
4925 428
4926 4770
4927 2308
4928 3589
4929 2493
4930 3863
4931 3095
4932 7265
4933 5945
4934 3503
4935 4787
4936 6949
4937 3993
4938 6401
4939 8722
4940 3182
4941 6604
4942 2543
4943 6821
4944 6925
4945 7123
4946 79
4947 7420
4948 5542
4949 8745
4950 4618
4951 5154
4952 4431
4953 4844
4954 1045
4955 3608
4956 2731
4957 4098
4958 5043
4959 3524
4960 7432
4961 2800
4962 7906
4963 4111
4964 7945
4965 6434
4966 1779
4967 869
4968 6116
4969 1074
4970 468
4971 61
4972 6171
4973 3493
4974 8602
4975 7460
4976 2422
4977 1350
4978 5911
4979 2132
4980 474
4981 2916
4982 8580
4983 8590
4984 2697
4985 8307
4986 8327
4987 8789
4988 760
4989 181
4990 7858
4991 8058
4992 6548
4993 7020
4994 403
4995 1705
4996 5664
4997 1599
4998 8690
4999 5101
5000 2897
5001 5111
5002 4004
5003 5340
5004 7193
5005 2039
5006 160
5007 6808
5008 3414
5009 7144
5010 5393
5011 6512
5012 3908
5013 2437
5014 5355
5015 7869
5016 8563
5017 8727
5018 4295
5019 3096
5020 6524
5021 471
5022 6084
5023 5235
5024 2742
5025 8459
5026 6264
5027 7479
5028 1494
5029 8687
5030 6968
5031 3735
5032 1498
5033 5347
5034 6605
5035 687
5036 2006
5037 3569
5038 510
5039 886
5040 2579
5041 1375
5042 2405
5043 8132
5044 3249
5045 3943
5046 7113
5047 7689
5048 8206
5049 7806
5050 5567
5051 7724
5052 3645
5053 4129
5054 1861
5055 1913
5056 5210
5057 6300
5058 8411
5059 1310
5060 6948
5061 2511
5062 84
5063 1370
5064 6732
5065 5637
5066 3468
5067 5074
5068 5179
5069 7200
5070 7009
5071 8130
5072 5517
5073 7712
5074 6130
5075 1419
5076 3949
5077 4948
5078 5158
5079 4172
5080 8338
5081 2220
5082 1135
5083 52
5084 6922
5085 1090
5086 7504
5087 8540
5088 693
5089 4570
5090 5030
5091 3154
5092 138
5093 7358
5094 8468
5095 1355
5096 3368
5097 7539
5098 7942
5099 4315
5100 3355
5101 3791
5102 7264
5103 6879
5104 2361
5105 3520
5106 4795
5107 1400
5108 412
5109 2975
5110 2736
5111 1527
5112 2982
5113 4755
5114 1729
5115 3203
5116 7874
5117 8440
5118 5738
5119 593
5120 7623
5121 7231
5122 3063
5123 8016
5124 5365
5125 2609
5126 3830
5127 3633
5128 4075
5129 7725
5130 199
5131 3027
5132 7314
5133 4117
5134 4999
5135 7197
5136 4088
5137 6175
5138 3383
5139 2358
5140 4776
5141 4977
5142 757
5143 5472
5144 1150
5145 6842
5146 4962
5147 8137
5148 2528
5149 3904
5150 4412
5151 5451
5152 3736
5153 7542
5154 6980
5155 3568
5156 8094
5157 595
5158 5703
5159 3799
5160 1366
5161 4251
5162 2529
5163 1140
5164 2359
5165 3790
5166 867
5167 3248
5168 4357
5169 6408
5170 5205
5171 2371
5172 5122
5173 3193
5174 6525
5175 8715
5176 1730
5177 3138
5178 3141
5179 3240
5180 1606
5181 7367
5182 3976
5183 1713
5184 5921
5185 2062
5186 1744
5187 5304
5188 2258
5189 8698
5190 1134
5191 3111
5192 3055
5193 4048
5194 4184
5195 6005
5196 7581
5197 7953
5198 8859
5199 8803
5200 3543
5201 2030
5202 8306
5203 4384
5204 122
5205 4447
5206 3773
5207 7074
5208 3108
5209 5521
5210 3970
5211 2267
5212 8545
5213 504
5214 4230
5215 832
5216 5432
5217 8593
5218 5212
5219 8011
5220 3867
5221 5824
5222 861
5223 8740
5224 4537
5225 39
5226 8190
5227 5977
5228 4207
5229 7921
5230 4696
5231 1261
5232 6165
5233 4970
5234 8166
5235 221
5236 1294
5237 6827
5238 3081
5239 4869
5240 303
5241 3122
5242 8661
5243 4304
5244 4378
5245 5379
5246 3542
5247 2378
5248 5216
5249 1433
5250 1405
5251 6192
5252 5106
5253 30
5254 4866
5255 7752
5256 7073
5257 2495
5258 2660
5259 8648
5260 4000
5261 1938
5262 304
5263 2857
5264 5489
5265 6028
5266 5841
5267 3389
5268 5109
5269 3956
5270 4981
5271 6431
5272 3268
5273 6906
5275 8783
5276 3957
5277 700
5278 3253
5279 1125
5280 4446
5281 1904
5282 2523
5283 2057
5284 4094
5285 297
5286 4552
5287 8735
5288 2161
5289 8326
5290 3626
5291 7524
5292 8577
5293 3710
5294 8373
5295 3788
5296 1436
5297 8618
5298 5638
5299 5294
5300 603
5301 925
5302 6450
5303 7201
5304 1666
5305 8470
5306 1455
5307 806
5308 5983
5309 852
5310 262
5311 5253
5312 4051
5313 6669
5314 3270
5315 3590
5316 7292
5317 5653
5318 5884
5319 446
5320 3717
5321 8167
5322 2082
5323 7778
5324 6370
5325 4668
5326 4647
5327 1936
5328 6526
5329 1867
5330 2145
5331 8149
5332 7932
5333 5082
5334 4937
5335 1327
5336 3969
5337 486
5338 8589
5339 658
5340 8283
5341 6783
5342 7984
5343 917
5344 2098
5345 3328
5346 2786
5347 1799
5348 7565
5349 538
5350 4257
5351 6198
5352 8884
5353 5666
5354 6985
5355 8366
5356 2615
5357 2654
5358 7295
5359 5078
5360 1141
5361 4894
5362 5757
5363 5412
5364 2573
5365 8600
5366 134
5367 4105
5368 4753
5369 323
5370 4637
5371 7111
5372 6246
5373 5708
5374 4600
5375 6053
5376 3840
5377 4035
5378 270
5379 7591
5380 6513
5381 6557
5382 7928
5383 6082
5384 5876
5385 6407
5386 7451
5387 4445
5388 7468
5389 1823
5390 7993
5391 100
5392 209
5393 6543
5394 7672
5395 329
5396 668
5397 5932
5398 2351
5399 4918
5400 8498
5401 1457
5402 8505
5403 6606
5404 2155
5405 4558
5406 5455
5407 970
5408 1757
5409 73
5410 6446
5411 6620
5412 6336
5413 2093
5414 5719
5415 5514
5416 5832
5417 5462
5418 6635
5419 1248
5420 1257
5421 4368
5422 1925
5423 6326
5424 3221
5425 6442
5426 4308
5427 3911
5428 5783
5429 3405
5430 6792
5431 6676
5432 3533
5433 1412
5434 3089
5435 6274
5436 1388
5437 2252
5438 7237
5439 3793
5440 7690
5441 494
5442 3327
5443 8308
5444 4712
5445 6900
5446 783
5447 5077
5448 8503
5449 1493
5450 1358
5451 909
5452 6107
5453 8669
5454 8257
5455 4833
5456 2699
5457 6381
5458 2763
5459 8443
5460 920
5461 7280
5462 343
5463 3265
5464 8827
5465 2215
5466 554
5467 4001
5468 6128
5469 6859
5470 2457
5471 5269
5472 4649
5473 4291
5474 5008
5475 2107
5476 6117
5477 5268
5478 4706
5479 5600
5480 1899
5481 2041
5482 2597
5483 5843
5484 7284
5485 3004
5486 5547
5487 7825
5488 5594
5489 5527
5490 1655
5491 3427
5492 7254
5493 3642
5494 8708
5495 1690
5496 4673
5497 1486
5498 2091
5499 1188
5500 2676
5501 508
5502 5779
5503 2080
5504 6873
5505 4995
5506 3939
5507 4598
5508 1897
5509 1197
5510 8519
5511 434
5512 6142
5513 8671
5514 6851
5515 1428
5516 3357
5517 3798
5518 4615
5519 2296
5520 2720
5521 4676
5522 4189
5523 287
5524 8610
5525 4427
5526 1378
5527 2403
5528 2022
5529 807
5530 6249
5531 8480
5532 3235
5533 4941
5534 2935
5535 2721
5536 5894
5537 4940
5538 1298
5539 6668
5540 6362
5541 1008
5542 472
5543 3422
5544 257
5545 822
5546 5634
5547 4231
5548 5164
5549 7235
5550 211
5551 7464
5552 3323
5553 6317
5554 1544
5555 4994
5556 7783
5557 2570
5558 4762
5559 3142
5560 7729
5561 6740
5562 2454
5563 1484
5564 419
5565 1824
5566 4438
5567 2281
5568 5619
5569 6510
5570 6222
5571 5905
5572 6701
5573 8798
5574 4480
5575 2908
5576 3228
5577 8042
5578 4389
5579 3586
5580 4442
5581 4164
5582 4052
5583 918
5584 2352
5585 6663
5586 8425
5587 608
5588 6378
5589 7888
5590 4363
5591 6454
5592 5927
5593 3123
5594 6094
5595 1950
5596 754
5597 5802
5598 7576
5599 4285
5600 3086
5601 3763
5602 1376
5603 5705
5604 1772
5605 2842
5606 1286
5607 1928
5608 5128
5609 8080
5610 3229
5611 2404
5612 145
5613 1300
5614 3400
5615 8125
5616 1745
5617 1049
5618 3843
5619 6723
5620 2282
5621 8140
5622 8117
5623 5789
5624 7592
5625 5997
5626 2157
5627 1477
5628 8485
5629 8435
5630 2192
5631 4181
5632 8877
5633 8104
5634 5169
5635 8866
5636 7662
5637 8729
5638 7161
5639 328
5640 1474
5641 5045
5642 6372
5643 7620
5644 2071
5645 4741
5646 1126
5647 810
5648 6967
5649 3403
5650 421
5651 1006
5652 2021
5653 8632
5654 2933
5655 4629
5656 6649
5657 7054
5658 5152
5659 5648
5660 2168
5661 5160
5662 6799
5663 8719
5664 2932
5665 8437
5666 1951
5667 1512
5668 5540
5669 5369
5670 4338
5671 1122
5672 2023
5673 5477
5674 1789
5675 7339
5676 2637
5677 4651
5678 5417
5679 8044
5680 342
5681 528
5682 5742
5683 7298
5684 8500
5685 3609
5686 225
5687 5086
5688 398
5689 6330
5690 2024
5691 2614
5692 6075
5693 6693
5694 2520
5695 3295
5696 6657
5697 634
5698 6519
5699 3342
5700 72
5701 295
5702 2568
5703 795
5704 2070
5705 853
5706 8029
5707 3708
5708 1183
5709 2247
5710 5333
5711 3535
5712 6166
5713 1882
5714 5115
5715 4878
5716 8263
5717 5501
5718 2755
5719 7653
5720 4956
5721 7223
5722 3157
5723 7517
5724 1706
5725 3036
5726 1318
5727 4575
5728 3704
5729 817
5730 1438
5731 7802
5732 609
5733 1763
5734 6258
5735 5771
5736 3756
5737 3046
5738 4101
5739 3613
5740 1963
5741 3505
5742 3941
5743 7915
5744 4385
5745 6437
5746 1451
5747 424
5748 707
5749 1040
5750 3905
5751 2644
5752 3166
5753 8647
5754 135
5755 8148
5756 1046
5757 1011
5758 5741
5759 3220
5760 7415
5761 1259
5762 3278
5763 655
5764 2686
5765 3167
5766 7199
5767 5037
5768 45
5769 67
5770 3126
5771 5715
5772 8766
5773 946
5774 5671
5775 6913
5776 8127
5777 5497
5778 3269
5779 6585
5780 5892
5781 3851
5782 4194
5783 1893
5784 5316
5785 2907
5786 8250
5787 3430
5788 7282
5789 298
5790 6870
5791 3754
5792 1212
5793 7697
5794 7583
5795 2356
5796 2156
5797 8627
5798 3827
5799 7155
5800 317
5801 8085
5802 8904
5803 3481
5804 4561
5805 2797
5806 4361
5807 3350
5808 6650
5809 6358
5810 5579
5811 4169
5812 5121
5813 1754
5814 5014
5815 5214
5816 8068
5817 7798
5818 7494
5819 4085
5820 1514
5821 172
5822 2370
5823 1427
5824 605
5825 7775
5826 1813
5827 8139
5828 3936
5829 4715
5830 2078
5832 5625
5833 6777
5834 8412
5835 6491
5836 5282
5837 8903
5838 4216
5839 4456
5840 6196
5841 1797
5842 3576
5843 2301
5844 6659
5845 4992
5846 6328
5847 1617
5848 4179
5849 8512
5850 4314
5851 7218
5852 6653
5853 4650
5854 1315
5856 2556
5857 7853
5858 7331
5859 1182
5860 8214
5861 5023
5862 1413
5863 3402
5864 7528
5865 5512
5866 7119
5867 6129
5868 7395
5869 1277
5870 6775
5871 2774
5872 588
5873 7995
5874 4040
5875 4931
5876 1516
5877 2530
5878 2108
5879 6268
5880 5989
5881 25
5882 4708
5883 4513
5884 7028
5885 6771
5886 5247
5887 7378
5888 1320
5889 544
5890 7525
5891 7374
5892 6490
5893 8565
5894 4253
5895 7436
5896 2339
5897 8292
5898 5290
5899 2036
5900 2669
5901 665
5902 6752
5903 8143
5904 4333
5905 5778
5906 7533
5907 5566
5908 927
5909 8097
5910 724
5911 6402
5912 5360
5913 3499
5914 2326
5915 5880
5916 2399
5917 4932
5918 8507
5919 6380
5920 6150
5921 7493
5922 1783
5923 6824
5924 8179
5925 7361
5926 8255
5927 3216
5928 1774
5929 7114
5930 1833
5931 3386
5932 4131
5933 921
5934 4968
5935 5791
5936 1326
5937 4458
5938 1444
5939 5423
5940 3016
5941 3161
5942 5770
5943 5768
5944 5436
5945 5194
5946 4553
5947 5602
5948 6989
5949 5709
5950 2096
5951 296
5952 3487
5953 1975
5954 8549
5955 1719
5956 4990
5957 6173
5958 6418
5959 4507
5960 1065
5961 2525
5962 2836
5963 1525
5964 7445
5965 5127
5966 1111
5967 4371
5968 8472
5969 4376
5970 829
5971 2169
5972 3545
5973 6731
5974 3040
5975 2955
5976 4751
5977 5143
5978 6288
5979 5485
5980 6245
5981 4478
5982 4469
5983 7087
5984 1714
5985 65
5986 5612
5987 2692
5988 7088
5989 7233
5990 1296
5991 838
5992 1625
5993 1540
5994 2569
5995 8456
5996 6861
5997 6901
5998 762
5999 8826
6000 3168
6001 6891
6002 2740
6003 7118
6004 4096
6005 6398
6006 4964
6007 7156
6008 7393
6009 3527
6010 7398
6011 1268
6012 3942
6013 3353
6014 2964
6015 769
6016 5786
6017 5226
6018 6280
6019 7548
6020 5837
6021 4965
6022 4588
6023 872
6024 1210
6025 3628
6026 753
6027 4255
6028 6892
6029 2266
6030 7900
6031 5196
6032 8064
6033 3444
6034 4883
6035 537
6036 6375
6037 3919
6038 2722
6039 1151
6040 2918
6041 6539
6042 4933
6043 6081
6044 4239
6045 7717
6046 3886
6047 6121
6048 2606
6049 6057
6050 2509
6051 1059
6052 2344
6053 4944
6054 8830
6055 114
6056 831
6057 4519
6058 3682
6059 1988
6060 698
6061 4780
6062 1057
6063 6628
6064 3616
6065 6131
6066 338
6067 5912
6068 7178
6069 8701
6070 2813
6071 5934
6072 8462
6073 6376
6074 8528
6075 1946
6076 8695
6077 6151
6078 5929
6079 1093
6080 3558
6081 2575
6082 8849
6083 7346
6084 2830
6085 2490
6086 360
6087 63
6088 3564
6089 3197
6090 6624
6091 1192
6092 8030
6093 5493
6094 5563
6095 6774
6096 6626
6097 8542
6098 6832
6099 4625
6100 8036
6101 850
6102 2119
6103 1194
6104 3074
6105 3537
6106 4978
6107 6019
6108 2042
6109 8165
6110 4572
6111 2737
6112 7382
6113 1906
6114 5112
6115 7341
6116 4778
6117 1203
6118 4498
6119 5265
6120 3723
6121 6363
6122 2969
6123 8601
6124 5076
6125 108
6126 671
6127 7772
6128 878
6129 3109
6130 8620
6131 3065
6132 8144
6133 633
6134 6580
6135 9
6136 3215
6137 4356
6138 1641
6139 3614
6140 259
6141 193
6142 6798
6143 8464
6144 2713
6145 54
6147 7198
6148 3117
6149 6349
6150 4433
6151 4200
6152 5548
6153 2548
6154 3073
6155 4122
6156 2672
6157 2434
6158 7603
6159 845
6160 681
6161 5332
6162 4845
6163 6207
6164 8650
6165 6546
6166 3348
6167 3777
6168 5608
6169 3433
6170 3924
6171 3339
6172 315
6173 814
6174 2461
6175 3553
6176 3893
6177 5760
6178 2
6179 2316
6180 4437
6181 3767
6182 435
6183 3369
6184 2796
6185 1602
6186 5992
6187 4634
6188 6998
6189 1453
6190 409
6191 3768
6192 5020
6193 3516
6195 6508
6196 7629
6197 8369
6198 2661
6199 1688
6201 4876
6202 8009
6203 1394
6204 8477
6205 5277
6206 5544
6207 7245
6208 790
6209 6479
6210 2591
6211 3872
6212 2449
6213 1306
6214 4861
6215 3971
6216 7757
6217 8108
6218 7380
6219 6293
6220 3624
6221 4837
6222 3829
6223 4466
6224 4188
6225 3042
6226 3378
6227 6888
6228 7065
6229 5376
6230 431
6231 7204
6232 6037
6233 7323
6234 5740
6235 8199
6236 8228
6237 4336
6238 7275
6239 5258
6240 518
6241 8634
6242 4630
6243 8066
6244 3335
6245 1732
6246 8493
6247 6595
6248 5925
6249 2473
6250 7365
6251 6108
6253 1005
6254 2383
6255 4569
6256 6541
6257 761
6258 1922
6259 1107
6260 4008
6261 107
6262 7428
6263 8603
6264 8404
6265 7767
6266 3617
6267 6287
6268 148
6269 6742
6270 905
6271 3794
6272 4036
6273 4205
6274 3007
6275 8136
6276 4926
6277 192
6278 144
6279 6470
6280 2910
6281 1162
6282 2961
6283 6501
6284 7703
6285 7021
6286 1669
6287 5373
6288 6158
6289 2712
6290 5734
6291 4324
6292 3622
6293 6602
6294 6690
6295 4592
6296 8615
6297 3446
6298 2130
6299 6826
6300 1329
6301 781
6302 8550
6303 7808
6304 6265
6305 8578
6306 7278
6307 4906
6308 3367
6309 6383
6310 8825
6311 8051
6312 7017
6313 3465
6314 466
6315 895
6316 4398
6317 4218
6318 6683
6319 5407
6320 6576
6321 5099
6322 3437
6323 8560
6324 8874
6325 719
6326 2741
6328 6396
6329 4211
6330 877
6331 7333
6332 3625
6333 2373
6334 4580
6335 4476
6337 3397
6338 6223
6339 8375
6340 6063
6341 368
6342 8871
6343 8483
6344 2206
6345 4536
6346 6651
6347 4234
6348 1243
6349 6406
6351 7051
6352 564
6353 2914
6354 3899
6355 6518
6356 1896
6357 6073
6358 4121
6359 6838
6360 816
6361 3998
6362 4606
6363 1172
6364 622
6365 1620
6366 7681
6367 8748
6368 1607
6369 5184
6370 993
6371 6554
6372 3474
6373 6571
6374 7540
6375 8451
6376 6756
6377 3396
6378 7353
6379 4178
6380 7959
6381 8241
6382 733
6383 6014
6384 6331
6385 3391
6386 7599
6387 1085
6388 1108
6389 2745
6390 7700
6391 5872
6392 8347
6393 4913
6394 4719
6395 6140
6396 7979
6397 4746
6398 7032
6399 6225
6400 5083
6401 2877
6402 8090
6403 344
6404 310
6405 5952
6406 4689
6407 1825
6408 1267
6409 6309
6410 7012
6411 383
6412 8431
6413 5874
6414 1270
6415 2332
6416 1269
6417 8752
6418 5722
6419 7883
6420 2533
6421 3900
6422 4401
6423 4080
6424 8405
6425 7101
6426 4749
6427 2151
6428 1677
6429 842
6430 6591
6431 8015
6432 8806
6433 3513
6434 7109
6435 1992
6436 1213
6437 8218
6438 1809
6439 4050
6440 2314
6441 8597
6442 7285
6443 24
6444 2827
6445 5667
6446 1014
6447 2946
6448 3688
6449 1309
6451 571
6452 3635
6453 4379
6454 6190
6455 2499
6457 459
6458 4425
6459 2333
6460 4382
6461 5654
6462 1952
6463 1070
6464 7266
6465 7841
6466 1674
6467 6815
6468 2563
6469 8321
6470 4963
6471 8718
6472 1716
6473 3180
6474 2032
6475 630
6476 3860
6477 5549
6478 1960
6479 4534
6480 5478
6481 3946
6482 2822
6484 5938
6485 191
6486 4029
6487 2792
6488 46
6489 3409
6490 1612
6491 5607
6492 436
6493 1348
6494 6751
6495 3102
6496 3098
6497 4812
6499 5818
6500 2240
6501 4060
6502 6311
6503 8135
6504 6577
6505 6830
6506 1307
6507 8802
6508 6201
6509 7975
6510 307
6511 3047
6512 2312
6513 6747
6514 7418
6515 7180
6516 2574
6517 967
6518 8883
6519 198
6521 6722
6522 5482
6523 4455
6524 7046
6525 5727
6526 8079
6527 6645
6528 756
6529 5885
6530 4288
6532 2017
6533 7022
6534 628
6535 314
6536 7779
6537 2864
6538 6062
6539 2973
6540 4836
6541 1356
6542 5348
6543 1604
6544 3739
6545 2602
6546 3239
6547 8619
6548 8189
6549 7327
6550 4214
6551 1132
6552 4464
6553 2304
6554 4303
6555 4273
6556 8732
6557 4838
6558 3870
6559 441
6560 2111
6561 4177
6562 7477
6563 2112
6564 8720
6565 406
6566 6495
6567 8282
6568 1022
6569 1229
6570 7039
6571 6588
6572 6295
6573 4798
6575 1993
6576 237
6577 7943
6578 6390
6579 8110
6580 7992
6581 8284
6582 3833
6583 7486
6584 1876
6585 4617
6586 1814
6587 938
6588 6864
6589 6049
6590 6503
6591 4934
6592 2853
6593 5428
6594 3658
6595 1367
6596 4380
6597 3346
6598 6244
6599 5182
6601 8518
6602 8082
6603 6612
6604 8639
6605 7693
6606 656
6607 1594
6608 7216
6609 3449
6610 7471
6611 7258
6612 1585
6613 7851
6614 1761
6615 15
6616 2141
6617 1114
6618 908
6619 4872
6620 5118
6621 8390
6622 85
6623 2677
6624 5957
6625 3491
6626 4656
6627 7733
6628 991
6629 8612
6630 2184
6631 957
6632 855
6633 2829
6634 4306
6635 5392
6636 2898
6637 2837
6638 4699
6639 3421
6640 8265
6641 2638
6642 4976
6643 4691
6644 6636
6645 106
6646 7455
6647 4073
6648 4777
6649 7492
6651 7766
6652 228
6653 7743
6654 1489
6655 7406
6656 6316
6657 2377
6658 489
6659 2424
6661 6848
6662 5754
6663 4013
6664 718
6665 7099
6666 974
6667 2274
6668 3647
6669 8169
6670 8815
6671 7859
6672 1239
6673 2843
6674 6179
6675 2566
6676 3061
6677 6017
6678 8868
6679 7754
6680 4022
6681 6566
6682 1241
6683 6550
6684 8876
6685 6847
6686 3720
6687 2664
6688 1926
6689 2044
6690 7301
6691 1272
6693 5337
6694 7957
6695 4113
6697 1465
6698 7579
6700 8116
6701 3450
6702 6008
6703 445
6704 3693
6705 3160
6706 7602
6707 7600
6708 8792
6709 5641
6710 319
6711 6229
6712 2886
6713 2338
6714 3522
6715 6871
6716 7973
6717 8584
6718 3104
6719 7891
6720 370
6721 1865
6722 7947
6723 2209
6724 7470
6725 6880
6726 2401
6727 7446
6728 5677
6729 5736
6730 8447
6731 812
6732 4343
6733 523
6734 6696
6735 7501
6736 3721
6737 6302
6738 6704
6739 4815
6740 1626
6741 6046
6742 870
6743 685
6744 5689
6745 3277
6746 1142
6747 1253
6748 2298
6749 3623
6751 3675
6752 3737
6753 5923
6754 3266
6755 4162
6756 6810
6757 2735
6758 2705
6759 5406
6760 2224
6761 5688
6762 1673
6763 5718
6764 6886
6765 429
6766 3687
6767 4381
6768 6983
6769 7768
6770 5577
6772 3722
6774 4658
6775 874
6776 1994
6777 7817
6778 4166
6779 604
6780 3821
6781 112
6782 5289
6783 3051
6784 7747
6785 4734
6787 2552
6788 4171
6789 892
6790 3657
6791 261
6792 4514
6793 2149
6795 5836
6796 2751
6797 5326
6798 3448
6799 7120
6800 6042
6801 7628
6802 8301
6803 981
6804 6834
6805 5159
6806 500
6807 5363
6808 3656
6809 3559
6810 2253
6811 559
6812 1670
6813 4326
6814 751
6815 5088
6816 8680
6817 7990
6818 1886
6819 3671
6820 2474
6821 4370
6822 2952
6823 5879
6824 3242
6825 6760
6826 2494
6827 6689
6828 1034
6829 4745
6830 6726
6832 1816
6833 7439
6834 6237
6835 2689
6836 5249
6837 5487
6838 7273
6839 4814
6841 1999
6842 4017
6843 3147
6844 8217
6845 4289
6846 7691
6847 1383
6848 2622
6849 548
6850 6074
6851 8534
6852 2806
6853 7399
6854 6975
6855 5573
6856 40
6857 8444
6858 8645
6859 7029
6860 5914
6861 3655
6862 8262
6864 1733
6865 6447
6866 1860
6867 1044
6868 6699
6869 7897
6870 8074
6871 8310
6872 1662
6873 5678
6874 4408
6875 4903
6876 3106
6877 4840
6878 8475
6879 1558
6880 6564
6881 6887
6882 6882
6883 1980
6884 3783
6885 4025
6887 6758
6888 8746
6889 5561
6890 5319
6891 1787
6892 334
6893 202
6894 4587
6895 4827
6896 4950
6897 2450
6898 5148
6899 1678
6900 4732
6901 3394
6902 5526
6903 4320
6904 8522
6905 185
6906 4914
6907 5762
6908 6800
6910 2804
6911 2400
6912 8395
6913 1422
6914 1549
6915 5560
6916 7562
6917 7899
6918 5624
6919 3701
6920 1145
6921 8361
6922 8842
6923 6805
6925 6561
6926 5470
6927 8152
6928 2054
6929 7422
6930 8070
6931 3780
6932 2173
6933 3286
6934 5606
6935 6076
6936 6193
6937 2781
6938 7059
6939 5758
6940 4237
6941 778
6942 7526
6943 285
6944 8686
6945 6469
6946 6065
6948 7157
6949 3218
6950 7408
6951 7580
6952 522
6953 8705
6954 3890
6955 4958
6956 3690
6957 4158
6958 5357
6959 4912
6960 3929
6961 6681
6962 5726
6963 5831
6964 7345
6965 4232
6966 3250
6967 5431
6968 949
6969 8782
6970 900
6971 210
6972 4313
6973 4243
6974 5844
6975 777
6976 3551
6977 8604
6978 7350
6979 1905
6980 6364
6981 3296
6982 8186
6983 7832
6984 2470
6985 3236
6986 532
6987 4475
6988 680
6989 7566
6990 4414
6991 349
6993 8126
6994 5147
6995 7571
6996 8894
6997 5189
6998 3606
6999 5991
7000 5146
7001 6379
7002 430
7003 7419
7004 4772
7005 4602
7006 7078
7007 5468
7008 2838
7009 8
7010 1495
7011 4800
7012 5533
7013 2065
7014 7823
7015 7791
7016 1292
7017 2013
7018 8046
7019 4405
7020 4579
7021 1459
7022 2355
7023 6118
7024 5782
7025 6420
7026 2536
7027 6135
7028 7196
7029 4242
7030 8809
7031 5819
7032 1600
7033 7160
7034 7787
7035 3607
7036 4835
7037 6083
7038 3917
7039 8065
7040 600
7041 7182
7042 1736
7043 1826
7044 1021
7045 759
7046 1854
7047 2172
7048 8071
7049 7308
7050 1934
7051 7103
7052 8637
7053 6231
7054 6078
7055 4973
7056 309
7057 8157
7058 2059
7059 8394
7060 5595
7061 7400
7062 740
7064 7013
7065 6741
7066 8453
7067 2696
7068 6122
7069 1940
7070 572
7071 3380
7072 5523
7073 7154
7074 4297
7075 6404
7077 8831
7079 6529
7080 1338
7081 125
7082 6143
7083 1791
7084 6709
7085 6858
7086 2413
7087 6538
7088 7135
7089 3817
7091 121
7092 8713
7095 5427
7096 4016
7098 6555
7099 8178
7100 4511
7101 776
7103 6502
7104 320
7105 8173
7106 1696
7107 2834
7108 3610
7109 2205
7110 8611
7111 3069
7112 6276
7113 8067
7114 5528
7115 8075
7116 2232
7117 5170
7118 7209
7119 3171
7120 7908
7121 1559
7122 8024
7123 7048
7124 1887
7125 4262
7126 8532
7127 7497
7128 2387
7129 5421
7130 7181
7131 3509
7132 5435
7133 7522
7134 1697
7135 8415
7136 6951
7137 1642
7138 6772
7140 7912
7141 1171
7142 4648
7143 4596
7144 133
7145 5622
7146 1707
7147 7130
7148 659
7149 8629
7150 8280
7151 3696
7152 12
7153 7351
7154 7570
7155 7701
7156 5177
7157 2388
7158 3714
7159 7606
7160 2748
7161 2126
7162 6440
7163 4334
7164 3176
7165 7248
7166 3846
7167 950
7168 5984
7169 6313
7170 2385
7171 6226
7172 5644
7173 5856
7174 2717
7175 124
7176 113
7177 1533
7178 439
7179 6804
7180 1106
7181 1483
7182 7718
7184 8750
7185 2984
7186 2767
7187 1219
7188 3379
7189 7472
7190 341
7191 8479
7192 7438
7193 4506
7194 416
7195 4159
7196 8673
7197 1105
7198 3500
7199 4801
7200 6077
7201 5833
7202 2619
7203 6872
7205 7329
7206 1003
7207 6304
7208 7715
7209 7758
7210 8553
7211 229
7212 5834
7213 3393
7214 3761
7215 6579
7216 4057
7217 4738
7218 2393
7219 2134
7220 1382
7222 2143
7223 6111
7224 6180
7225 8300
7226 3035
7228 1485
7229 6639
7230 3079
7232 59
7233 5574
7234 934
7235 5018
7236 3880
7237 8625
7238 1222
7239 2849
7240 7375
7241 8449
7242 1634
7243 7185
7245 1846
7247 1089
7248 6413
7249 8191
7250 1648
7251 5163
7252 6457
7253 7102
7254 5391
7255 1205
7256 580
7257 2868
7258 2198
7259 4228
7261 7349
7262 1264
7263 43
7264 3703
7265 732
7266 3583
7267 6257
7268 1361
7269 2095
7270 3022
7271 3699
7272 1236
7273 1043
7274 963
7275 1663
7276 8081
7277 1340
7278 7678
7279 596
7280 1153
7281 1488
7282 8225
7283 8579
7284 5639
7286 458
7287 2460
7288 6187
7290 5325
7291 8554
7292 8210
7294 2046
7295 5898
7296 8289
7297 6018
7298 3293
7299 8857
7300 4
7301 7854
7302 1728
7303 7143
7304 7050
7305 7383
7306 4436
7307 3461
7308 248
7309 5166
7310 1683
7311 6312
7312 7596
7313 8786
7314 7861
7315 4190
7317 2159
7318 959
7319 7974
7320 583
7321 3068
7322 5875
7323 796
7324 3192
7325 2558
7326 8497
7327 7061
7328 6972
7329 1481
7330 5240
7331 4669
7332 2129
7333 4309
7334 6252
7335 597
7336 389
7337 3962
7339 4826
7341 1039
7342 7685
7343 8515
7344 2590
7345 6817
7346 794
7347 3039
7348 7230
7349 4484
7350 5178
7351 2522
7352 7496
7353 394
7354 5583
7355 5271
7356 1330
7357 97
7358 1101
7359 1403
7360 526
7361 1202
7362 362
7363 7863
7364 6947
7365 3284
7366 6933
7368 5586
7369 3909
7370 3845
7371 3636
7372 4102
7374 3320
7375 1415
7376 6176
7377 7892
7378 3779
7379 159
7380 8605
7382 7815
7384 7136
7385 3107
7386 2917
7387 1890
7388 2612
7389 8194
7390 3810
7391 5073
7392 6152
7393 3025
7396 868
7397 7826
7398 8496
7399 3309
7400 3502
7401 8728
7402 5215
7403 8856
7404 738
7405 6451
7406 8895
7407 6957
7408 6090
7409 6185
7410 1392
7411 8881
7412 6811
7413 6997
7414 1273
7415 2153
7416 1689
7418 2922
7419 7745
7420 7810
7421 7834
7422 26
7423 6941
7424 8638
7426 6939
7427 3848
7428 4275
7429 8587
7430 678
7431 1875
7432 7512
7433 6641
7435 2486
7436 7104
7437 7536
7438 5285
7439 5498
7440 1240
7441 1785
7442 4508
7443 1364
7444 4951
7445 4528
7446 324
7447 4856
7448 280
7449 6788
7450 8514
7451 154
7452 1004
7453 4185
7454 1924
7455 8391
7457 3021
7459 6680
7460 8854
7461 647
7462 5614
7463 3075
7464 8195
7465 5280
7466 2391
7467 4752
7469 7444
7470 2878
7471 1645
7472 4805
7473 3458
7474 536
7475 6969
7476 2599
7477 264
7478 1274
7479 8804
7480 8622
7481 1699
7482 2323
7484 4449
7485 6638
7486 3640
7487 4607
7488 3795
7489 2617
7491 2269
7492 7950
7493 907
7494 638
7495 2189
7496 7306
7497 233
7498 8421
7499 7473
7500 2663
7501 8302
7502 1082
7503 5397
7504 219
7505 41
7506 2409
7507 8078
7508 6021
7509 2887
7510 623
7511 2626
7512 4996
7513 6553
7515 8768
7517 6474
7518 6583
7519 6061
7520 2094
7521 3681
7522 941
7523 5165
7524 8371
7525 8376
7526 1115
7527 7835
7528 8318
7529 2517
7530 512
7531 3966
7532 3358
7533 1217
7534 8145
7535 8640
7536 3451
7538 4786
7540 3420
7541 922
7542 87
7543 6958
7544 6619
7545 2088
7546 4130
7547 8897
7548 8691
7549 7635
7550 4465
7551 5202
7552 2725
7553 2125
7554 5349
7555 2565
7556 8607
7557 2372
7558 4236
7559 7355
7561 4372
7562 6945
7563 4880
7564 8035
7565 2668
7566 4136
7567 4679
7568 8670
7569 5658
7570 8261
7572 6217
7573 4808
7574 722
7576 8445
7577 6971
7578 5176
7579 2970
7580 7010
7581 3189
7582 1448
7583 2483
7584 3322
7585 68
7587 3482
7588 8393
7589 5974
7590 7997
7591 8754
7592 6632
7593 5411
7596 3001
7597 8192
7598 8409
7599 5813
7600 6942
7601 3885
7602 975
7603 4450
7605 291
7606 6889
7607 1539
7609 4685
7610 7097
7612 3298
7613 480
7614 3151
7615 6570
7616 5590
7617 6574
7618 5091
7620 8171
7621 2940
7622 8771
7623 4888
7624 6535
7625 3988
7626 4079
7627 4499
7629 4091
7630 3093
7631 7243
7632 1654
7633 7941
7634 5553
7635 8018
7636 4196
7637 1231
7638 7222
7639 2860
7640 6869
7641 3931
7642 7348
7643 8050
7644 2026
7645 3492
7646 6034
7647 6782
7648 6289
7649 96
7650 190
7651 5942
7652 6841
7653 3630
7654 8342
7655 7538
7656 5986
7657 6022
7658 6835
7659 2818
7660 5531
7661 3434
7662 4643
7663 4640
7664 4895
7666 7175
7667 7560
7668 2747
7669 5930
7670 4690
7671 2866
7672 8033
7674 8383
7675 2425
7676 1916
7677 1323
7678 6673
7679 2229
7680 5804
7681 8753
7682 1911
7683 2904
7684 8552
7686 4896
7687 1441
7688 1850
7689 6203
7690 258
7691 142
7692 6556
7693 5021
7694 7786
7695 5471
7696 7426
7698 3233
7699 7960
7700 4920
7701 1471
7704 3280
7705 8172
7706 3631
7707 6670
7708 3377
7709 5273
7710 689
7711 425
7712 4267
7713 6761
7714 7803
7716 3054
7718 730
7719 1528
7720 5972
7721 8654
7725 8779
7726 5897
7727 2106
7729 5434
7730 2771
7731 3334
7732 3679
7733 1179
7735 898
7738 8118
7739 1731
7740 4064
7741 2319
7742 2939
7743 4128
7744 5933
7746 2545
7747 6716
7748 3834
7749 2833
7750 5862
7751 8655
7752 8635
7753 1597
7755 8215
7756 6247
7757 2375
7759 8330
7761 6133
7763 4160
7764 8268
7765 8469
7766 8488
7767 23
7769 8548
7770 5302
7771 4811
7772 8349
7773 4670
7774 7510
7775 3641
7776 2738
7777 3078
7778 1747
7779 1091
7780 184
7781 8398
7783 313
7784 6852
7785 5536
7786 8259
7787 6189
7788 5970
7789 4905
7791 7060
7792 7457
7793 5955
7794 6876
7795 7792
7796 1967
7797 3060
7798 833
7799 8813
7800 6765
7801 6344
7802 1862
7803 2294
7804 1077
7805 8474
7807 8028
7808 3853
7809 4350
7810 8446
7811 3818
7812 6970
7814 7648
7815 2582
7816 391
7817 5036
7818 7159
7820 1579
7821 5388
7822 775
7824 8416
7825 5509
7826 3131
7827 8777
7828 4483
7829 6303
7830 2087
7832 7551
7833 8348
7834 1223
7835 4272
7836 8196
7837 6625
7838 1113
7839 5503
7840 7128
7841 2535
7842 7315
7843 5093
7844 2226
7845 3947
7847 1404
7850 7642
7851 4635
7852 3186
7853 5909
7854 1096
7855 7630
7856 5627
7857 5137
7858 602
7861 8489
7862 5763
7863 4439
7864 764
7866 5684
7867 3923
7868 5467
7869 2000
7870 3252
7871 6125
7872 1456
7873 5052
7874 2398
7875 2257
7876 1297
7877 652
7878 2595
7879 5565
7880 4739
7881 782
7882 1842
7883 7447
7885 238
7886 1301
7887 7855
7888 256
7889 1650
7890 7857
7891 3618
7892 2384
7894 6395
7895 813
7896 6066
7897 6801
7898 5887
7899 4922
7901 3661
7902 2055
7903 321
7904 4068
7905 8558
7906 5511
7907 2458
7908 7162
7909 2505
7910 6787
7911 6661
7912 1454
7913 3190
7914 8795
7915 5494
7916 2085
7917 1807
7918 2170
7919 4429
7920 1143
7921 7811
7922 7328
7923 127
7924 2174
7925 8726
7926 2892
7928 8138
7929 5069
7931 3619
7932 5947
7933 6594
7934 5344
7935 2589
7937 4664
7938 4512
7939 3452
7940 7688
7941 5816
7943 706
7946 6318
7948 6818
7950 1285
7952 839
7954 7617
7955 1515
7956 6744
7957 8287
7958 1385
7959 6455
7960 6840
7961 7261
7962 8304
7963 6700
7964 2872
7965 2349
7966 4763
7967 6494
7968 7895
7969 7728
7970 1372
7971 7043
7974 7907
7975 7462
7976 894
7977 3691
7979 4153
7980 8623
7983 1009
7984 4980
7985 8249
7986 4305
7987 5756
7988 6854
7989 6944
7990 1615
7991 6545
7992 388
7993 690
7994 8770
7995 1068
7996 186
7997 8164
7999 3775
8000 4604
8001 1118
8002 8380
8003 1822
8004 8845
8005 2182
8006 8516
8007 6333
8008 245
8009 2207
8010 3413
8011 3823
8012 3048
8014 6367
8016 7529
8017 8188
8018 8353
8019 177
8020 2850
8021 3372
8022 2076
8023 5050
8024 64
8025 8711
8026 2222
8027 2839
8028 7585
8030 3615
8031 4233
8032 986
8033 7742
8034 3214
8036 6353
8037 7800
8038 7172
8041 8567
8042 7165
8043 7255
8044 8810
8045 5248
8046 7558
8047 2869
8048 6159
8050 6991
8051 3153
8052 7330
8054 6301
8055 3977
8056 2335
8057 6102
8059 8160
8060 284
8061 7466
8062 6497
8064 2144
8065 4521
8066 1178
8067 4633
8068 552
8069 8163
8070 278
8072 7015
8073 3210
8074 6999
8075 2052
8076 3308
8077 312
8078 1391
8079 4020
8081 3526
8082 461
8084 4015
8085 3785
8087 7391
8088 875
8090 5065
8091 6536
8092 1571
8093 6855
8095 5255
8097 105
8098 5649
8099 2345
8100 1220
8101 6483
8102 5227
8103 6658
8104 1948
8105 7614
8106 4026
8107 2709
8108 7520
8111 819
8115 7139
8116 8693
8117 5609
8120 789
8121 5394
8122 3599
8123 81
8124 1848
8125 6531
8126 6955
8127 1184
8128 1582
8129 7416
8130 2188
8131 4865
8132 5046
8133 4269
8134 4383
8135 8662
8136 1821
8138 5408
8141 6710
8142 7695
8143 3037
8144 7732
8145 7129
8146 7068
8148 3162
8149 2286
8150 3410
8151 585
8152 3361
8153 5426
8154 7590
8155 2683
8156 4279
8160 7293
8161 8107
8162 6862
8163 6784
8164 6671
8165 1278
8167 7840
8168 3665
8169 6897
8170 3512
8171 99
8172 7091
8173 3370
8177 8764
8178 6679
8179 6283
8180 1700
8183 6725
8184 3271
8186 7016
8188 984
8189 7661
8190 1581
8191 1028
8192 7847
8193 2862
8194 2263
8195 1232
8196 5798
8197 2137
8198 3483
8199 6791
8200 2899
8203 1144
8206 4744
8207 4299
8209 252
8210 454
8212 358
8214 1174
8215 3008
8216 3196
8218 2462
8220 1214
8222 2841
8223 6644
8224 1333
8225 3920
8226 8861
8227 123
8228 373
8229 7509
8230 1200
8231 1985
8233 1958
8234 6996
8235 6730
8236 4280
8237 6599
8238 3010
8239 502
8241 888
8242 3878
8243 4174
8244 8442
8245 2928
8246 8247
8247 1870
8248 6339
8250 2667
8251 2587
8253 7450
8254 2947
8255 6569
8257 5414
8258 1630
8259 6918
8262 2406
8263 1537
8264 7865
8265 5546
8266 6695
8267 3951
8269 503
8270 3678
8271 8471
8272 3680
8275 2097
8276 8844
8277 5515
8278 408
8279 5755
8280 4850
8281 1777
8282 2366
8283 5457
8284 3144
8285 6664
8286 5717
8287 8499
8290 2675
8291 1097
8292 1186
8293 7748
8294 488
8295 7001
8296 7014
8297 5125
8299 3344
8301 7683
8303 8019
8304 8557
8305 2780
8306 5680
8309 2287
8310 5029
8311 1828
8314 2592
8315 7459
8316 5162
8317 8692
8320 4667
8321 2268
8322 8403
8324 7885
8325 501
8328 1123
8329 7480
8330 3781
8331 2835
8332 3243
8333 418
8335 2311
8336 8702
8337 8657
8338 2053
8339 5011
8341 6365
8342 3935
8343 4409
8344 6593
8345 6718
8346 365
8347 3347
8348 6220
8349 7905
8350 5820
8351 240
8352 6565
8353 7734
8354 1343
8355 3262
8356 5108
8359 6071
8361 6119
8362 6126
8363 6006
8364 7443
8366 1100
8367 3024
8373 7325
8374 4468
8376 6048
8377 8267
8378 3784
8379 4358
8380 1156
8381 6705
8382 7633
8383 6686
8387 4779
8388 6385
8390 8581
8391 5696
8392 6321
8394 6656
8395 3443
8398 1776
8400 5430
8403 6212
8406 348
8407 5129
8408 4578
8409 7340
8410 4055
8412 1819
8413 6770
8414 7983
8416 7386
8418 985
8419 2730
8420 3325
8421 1914
8424 5048
8425 1409
8426 2150
8428 7476
8429 2109
8431 8048
8433 1766
8434 4923
8435 7085
8436 6530
8437 3272
8438 7556
8439 7224
8441 2309
8442 3466
8443 1798
8445 3839
8446 4509
8447 7423
8448 6007
8449 3676
8450 3552
8451 6104
8453 4683
8454 2588
8456 4420
8459 2491
8460 6219
8461 2423
8462 988
8463 7409
8464 8389
8465 3638
8466 205
8467 879
8468 6956
8469 3584
8470 1939
8471 8316
8473 5959
8474 3683
8476 641
8477 840
8479 395
8480 4791
8481 385
8482 851
8483 7377
8484 5306
8485 5739
8488 8154
8489 6366
8494 453
8495 397
8496 1417
8497 3319
8498 8860
8500 2340
8502 7117
8503 2761
8504 4886
8507 6435
8508 4256
8509 6114
8511 5807
8514 2665
8515 8054
8516 1931
8517 3177
8518 8057
8519 6335
8520 3862
8522 2624
8523 363
8524 4491
8525 5233
8533 7516
8534 6452
8535 7110
8536 7894
8537 1529
8539 1764
8542 5230
8543 8408
8544 6507
8546 332
8547 2218
8551 7901
8552 4557
8554 3991
8556 2191
8557 8529
8558 1812
8559 3067
8560 1981
8561 8463
8562 450
8564 1468
8565 2034
8566 8900
8569 1834
8571 6178
8572 3877
8573 224
8574 1402
8575 2586
8576 8535
8578 7848
8579 1314
8580 6613
8581 8031
8582 5279
8586 6254
8587 6881
8588 2431
8589 7781
8590 1609
8591 5198
8592 4002
8593 1435
8594 3401
8596 7364
8597 4702
8599 2845
8600 7601
8602 8812
8603 479
8604 7491
8605 5416
8606 263
8607 8898
8608 5990
8610 197
8611 6738
8614 6348
8615 7827
8617 7625
8618 3918
8619 3064
8620 3406
8624 6609
8625 5390
8626 865
8627 5291
8629 7277
8632 3567
8633 3534
8635 4400
8636 6711
8637 2971
8639 6515
8640 4056
8642 825
8643 7151
8644 6240
8645 4344
8646 4167
8647 5094
8649 3995
8651 4619
8653 4773
8654 8631
8655 3842
8656 8862
8658 8207
8661 4213
8663 5452
8667 8258
8668 235
8671 7469
8672 1793
8674 3291
8675 1216
8676 7967
8677 5920
8678 5324
8680 3020
8684 5691
8685 8439
8686 155
8687 644
8689 8506
8693 131
8694 6064
8696 846
8698 5440
8699 6590
8700 6149
8703 4655
8707 2650
8708 4824
8709 589
8710 3669
8711 5552
8713 1381
8714 6020
8715 7189
8716 8334
8719 7982
8721 1379
8722 6667
8723 1155
8724 6914
8725 110
8726 7805
8728 8583
8729 7309
8731 1703
8732 2056
8733 5605
8734 6685
8735 4612
8736 7924
8738 8839
8739 2787
8740 1610
8742 4789
8743 6259
8744 4975
8745 1508
8748 8026
8754 8737
8755 7342
8756 2255
8757 4351
8759 2245
8760 574
8761 7390
8764 887
8765 2231
8768 6853
8770 8243
8772 5827
8773 3360
8774 8436
8776 3837
8778 7872
8781 7107
8783 2086
8786 3806
8787 3953
8789 1511
8790 6343
8792 5998
8793 7283
8794 4175
8795 4813
8797 5646
8799 6204
8802 5142
8804 8846
8807 7846
8808 7569
8809 8617
8814 8387
8815 8155
8820 7821
8821 6324
8822 4323
8823 7033
8824 1466
8825 1038
8826 2598
8828 7397
8829 5895
8830 7384
8831 3916
8833 7574
8834 5456
8837 8899
8839 2225
8840 2610
8842 6912
8844 4024
8845 1885
8847 6739
8848 7071
8849 3026
8850 5681
8851 2300
8852 8879
8855 953
8857 3725
8858 5532
8860 5806
8861 6236
8862 709
8863 6493
8864 4432
8865 7587
8867 7920
8869 3913
8870 8869
8871 7552
8876 1954
8878 7836
8880 1573
8882 4139
8884 1632
8887 28
8888 3963
8890 8201
8892 6387
8893 2236
8894 1469
8896 6662
8897 4518
8899 8892
8900 6079
8901 3338
8905 4902
8907 6924
8908 6837
8913 8841
8919 2365
8920 2064
8921 2863
8923 8689
8924 4605
8925 5557
8928 3888
8930 5403
8932 1613
8933 7246
8934 8222
8935 8675
8937 3774
8939 1588
8940 2733
8945 3654
8946 6943
8948 8571
8950 2700
8952 3510
8953 7474
8954 182
8955 3903
8959 7508
8963 2363
8964 1047
8965 1312
8966 6589
8967 6036
8971 3666
8973 8457
8974 2291
8980 5330
8982 8784
8986 3496
8989 6757
8991 7978
8992 5138
8994 6652
8995 8299
8996 4030
8997 8848
8998 6471
9000 4639
9001 5075
9002 1583
9003 8467
9005 3435
9008 5499
9009 7430
9011 16
9014 5424
9015 5035
9017 6654
9018 7478
9021 7535
9024 973
9026 5374
9029 420
9032 6584
9034 5168
9035 6334
9037 5626
9038 3758
9039 8309
9041 5721
9042 6341
9043 179
9044 3750
9045 8776
9047 5853
9048 1942
9049 5126
9050 6993
9051 6473
9052 6484
9054 5481
9056 3455
9057 7190
9059 3894
9061 7674
9062 7963
9063 10
9067 7514
9070 4147
9072 1121
9073 4081
9074 7643
9077 2684
9078 6666
9079 5167
9082 933
9084 7962
9088 6982
9090 7122
9091 6145
9092 6467
9094 7083
9095 556
9096 6072
9097 7279
9099 581
9100 7918
9101 511
9104 2322
9108 8547
9112 8656
9115 6919
9118 7142
9120 1682
9121 8762
9122 5706
9124 5541
9125 5961
9128 3050
9129 6459
9130 3473
9131 4986
9132 8047
9134 7206
9135 6875
9137 1668
9138 766
9139 6432
9140 8021
9141 6099
9142 7006
9143 8441
9144 3425
9145 3259
9147 7828
9150 3801
9154 2121
9155 1112
9157 1863
9158 4375
9160 2921
9163 1935
9167 8757
9168 6238
9169 7140
9172 8758
9178 3208
9181 5690
9182 7294
9183 5660
9185 916
9186 6896
9187 3445
9189 3928
9191 8530
9192 2181
9193 1653
9194 1656
9195 7864
9197 2099
9199 4611
9207 7241
9208 6320
9209 4399
9211 1676
9213 1574
9214 6000
9224 1104
9225 8707
9226 5405
9227 960
9228 1708
9230 4220
9231 5387
9233 1137
9237 6127
9239 153
9240 1808
9243 5420
9249 1479
9250 5663
9255 7771
9257 6208
9259 381
9261 178
9262 1556
9263 6215
9269 6307
9270 3674
9271 663
9273 5259
9274 3254
9276 7822
9278 7575
9279 6230
9280 8099
9285 6640
9286 5149
9289 6003
9290 683
9294 5242
9296 7866
9299 2642
9300 615
9302 3707
9303 7824
9305 7935
9309 8524
9310 7108
9311 6260
9312 2201
9313 6611
9314 4042
9315 4877
9316 6781
9318 8372
9319 6511
9320 7563
9323 7882
9329 989
9330 175
9331 6978
9334 3017
9335 6485
9336 8785
9338 7461
9339 4359
9340 6070
9341 1036
9345 7066
9346 6552
9348 7431
9358 1839
9359 6672
9360 1035
9361 2415
9362 8527
9365 7737
9366 8668
9370 7716
9371 7636
9372 2448
9376 5209
9378 2521
9379 2616
9387 8095
9390 5793
9406 7546
9409 6521
9411 1929
9413 6504
9416 2937
9419 7926
9427 8025
9430 4924
9432 1425
9434 4059
9440 3989
9441 6132
9443 5097
9445 6314
9450 6089
9451 3279
9452 6433
9456 3930
9457 6227
9459 6419
9460 8574
9461 1037
9464 4467
9465 4086
9473 4585
9474 8823
9479 6394
9481 4485
9491 6397
9492 2577
9501 5297
9504 6160
9506 7654
9509 8244
9510 4156
9511 396
9512 7133
9514 4539
9515 736
9517 7619
9518 4529
9524 1063
9527 8664
9533 7371
9534 4312
9543 4819
9544 2750
9545 6778
9547 3234
9550 1069
9552 8087
9557 4276
9558 8642
9559 3861
9560 2203
9561 7702
9563 2212
9564 8811
9565 6735
9569 8510
9571 6755
9574 8161
9577 6101
9578 8168
9580 6098
9581 6109
9584 8533
9588 2148
9593 7679
9598 8614
9599 6421
9602 955
9604 3260
9605 7257
9609 3191
9610 6251
9611 2513
9616 5940
9625 7541
9626 4146
9630 2416
9632 8546
9634 1169
9636 8508
9640 3753
9645 7969
9646 3664
9649 5881
9654 8221
9658 415
9662 7152
9669 3178
9673 7968
9675 5597
9676 5973
9677 36
9679 6475
9699 3525
9704 1023
9712 7138
9714 5860
9715 6562
9718 7402
9719 8219
9722 3205
9723 6514
9730 6305
9731 5382
9734 8281
9754 119
9757 70
9760 8100
9764 8270
9766 4268
9768 8339
9770 2221
9772 1476
9775 5188
9777 7597
9779 6616
9782 14
9783 8816
9784 8273
9786 4481
9789 2981
9792 4219
9796 2927
9803 1290
9804 2546
9806 8072
9809 4317
9821 7137
9825 3984
9832 7425
9836 4627
9837 1313
9851 2641
9854 3110
9855 5596
9858 6389
9863 8177
9869 1445
9871 2539
9873 8536
9879 8875
9880 8323
9881 7671
9882 1555
9887 7634
9890 8291
9891 5764
9901 599
9904 7549
9920 2428
9933 5219
9939 4109
9946 3187
9947 8478
9948 7704
9952 8128
9955 5672
9956 584
9957 2601
9958 7454
9959 3973
9962 4717
9965 6488
9970 2194
9971 6845
9972 7041
9978 7879
9979 8598
9989 7710
9990 2870
9992 6863
9995 6802
