-994 -596
-950 -647
-985 -805
-906 -853
-991 -955
-973 -952
-931 -971
-894 -941
-868 -997
-810 -982
-869 -940
-862 -921
-867 -905
-886 -897
-852 -872
-806 -910
-747 -990
-712 -924
-660 -969
-687 -913
-670 -904
-692 -878
-761 -892
-760 -871
-759 -845
-727 -826
-737 -809
-694 -808
-832 -800
-853 -759
-892 -744
-894 -736
-883 -743
-775 -742
-727 -751
-710 -751
-675 -777
-647 -824
-612 -902
-610 -930
-577 -927
-509 -959
-491 -999
-443 -965
-414 -970
-449 -892
-514 -876
-533 -853
-494 -844
-462 -864
-415 -896
-347 -891
-340 -958
-329 -944
-315 -964
-298 -957
-306 -996
-280 -998
-238 -986
-219 -906
-227 -950
-222 -953
-199 -966
-174 -923
-173 -902
-184 -839
-183 -807
-163 -801
-105 -855
-126 -951
-80 -944
-69 -931
-81 -977
-40 -984
-26 -980
-43 -930
-16 -938
17 -927
49 -932
129 -988
179 -999
185 -968
172 -956
169 -922
240 -912
283 -978
297 -942
326 -951
337 -942
355 -1000
369 -980
413 -990
460 -985
420 -925
446 -922
440 -903
430 -878
512 -940
493 -888
459 -854
552 -890
544 -945
538 -982
612 -978
665 -898
636 -846
654 -837
520 -827
542 -776
373 -818
348 -820
270 -846
251 -799
274 -781
256 -752
199 -773
101 -753
-54 -782
20 -797
63 -813
110 -862
113 -834
150 -789
154 -783
198 -745
206 -696
147 -715
148 -675
85 -698
70 -635
115 -639
4 -563
-77 -656
-89 -706
-131 -742
-253 -773
-270 -767
-239 -747
-233 -705
-319 -686
-389 -824
-377 -777
-391 -649
-373 -667
-307 -667
-290 -662
-268 -631
-244 -636
-146 -712
-103 -704
-85 -656
-171 -623
-177 -586
-131 -564
-163 -542
-254 -548
-363 -563
-518 -741
-530 -733
-532 -719
-534 -675
-488 -671
-476 -614
-531 -616
-568 -618
-622 -653
-643 -655
-669 -589
-602 -584
-599 -564
-508 -583
-551 -550
-542 -522
-613 -526
-602 -500
-581 -449
-684 -434
-720 -445
-653 -399
-582 -397
-553 -477
-470 -573
-429 -545
-401 -520
-288 -503
-314 -460
-359 -428
-448 -457
-459 -381
-409 -401
-420 -385
-377 -378
-248 -476
-220 -444
-175 -473
-137 -525
-57 -552
-34 -502
-12 -498
-20 -460
-86 -492
-114 -500
-82 -463
-42 -419
-21 -389
54 -553
53 -510
132 -562
219 -649
371 -768
339 -696
328 -677
411 -770
450 -722
517 -736
541 -746
572 -752
580 -724
630 -720
650 -737
686 -758
745 -781
747 -841
791 -955
839 -998
821 -957
849 -945
940 -913
860 -851
870 -821
918 -815
960 -836
977 -817
965 -808
906 -763
800 -714
795 -678
888 -705
985 -730
972 -715
962 -668
920 -673
875 -671
864 -647
798 -632
771 -602
850 -632
904 -613
931 -612
995 -608
999 -595
990 -595
929 -559
860 -534
921 -525
955 -510
957 -446
984 -406
846 -447
815 -451
750 -547
699 -583
669 -571
518 -629
489 -621
506 -571
578 -552
454 -530
464 -519
480 -471
406 -491
350 -499
351 -496
298 -529
280 -501
191 -474
201 -449
263 -468
327 -480
367 -484
377 -447
347 -372
277 -363
262 -351
268 -342
178 -352
133 -436
109 -446
57 -433
67 -427
142 -398
165 -322
109 -317
75 -327
12 -306
-39 -280
-112 -324
-251 -305
-190 -277
-191 -251
-158 -264
-213 -164
-304 -209
-357 -234
-454 -337
-553 -316
-614 -333
-594 -314
-639 -286
-687 -288
-655 -264
-615 -241
-623 -229
-563 -231
-565 -208
-521 -288
-444 -287
-414 -230
-423 -233
-476 -180
-578 -163
-623 -156
-663 -163
-653 -143
-670 -109
-630 -109
-566 -162
-533 -154
-519 -136
-570 -47
-552 -39
-505 -130
-430 -194
-383 -170
-331 -142
-404 -105
-342 -85
-289 -146
-250 -117
-149 -201
-87 -232
104 -271
106 -207
141 -284
215 -307
281 -315
344 -313
437 -417
406 -424
428 -389
584 -468
613 -470
703 -472
753 -490
809 -432
795 -384
706 -376
772 -313
794 -346
861 -394
832 -375
840 -360
858 -303
821 -238
992 -295
921 -230
986 -191
951 -169
978 -158
968 -147
941 -126
813 -173
788 -133
730 -158
685 -228
500 -287
437 -272
558 -359
591 -386
602 -353
581 -303
575 -276
610 -258
613 -234
586 -208
522 -199
553 -159
533 -120
414 -41
312 86
295 117
287 128
192 161
170 130
232 84
215 93
223 58
146 49
55 237
40 255
-6 207
-8 164
-27 120
-124 62
-181 71
-261 57
-289 41
-349 -12
-368 -6
-383 13
-338 25
-428 36
-437 52
-555 56
-600 65
-659 25
-655 56
-638 70
-611 86
-583 91
-606 165
-566 146
-511 90
-433 81
-434 103
-382 135
-339 116
-263 103
-198 95
-195 126
-184 118
-118 104
-128 121
-157 158
-168 239
-162 223
-136 189
-38 172
58 205
75 148
36 126
56 116
77 89
17 45
127 37
140 -9
158 -16
129 -35
113 -48
133 -48
132 -66
72 -84
-89 -18
-150 -51
-60 -68
-60 -90
-18 -96
5 -139
16 -139
48 -137
137 -124
149 -93
193 -6
324 -13
452 -141
341 -142
328 -152
224 -90
237 -111
255 -143
250 -155
241 -166
243 -174
190 -220
291 -198
336 -194
405 -209
349 -232
375 -260
622 -206
643 -178
686 -181
700 -146
660 -111
607 -134
629 -99
571 -81
509 -24
537 -21
594 -66
629 -46
619 -16
748 -87
807 -129
837 -144
880 -118
980 23
951 49
896 52
887 79
842 110
786 91
719 24
711 22
680 16
652 23
635 34
667 53
666 81
692 58
704 72
750 133
630 161
450 158
530 88
497 63
535 93
581 150
614 189
536 229
514 252
596 279
565 281
482 255
418 211
386 203
331 227
250 206
276 234
232 287
340 256
440 273
484 310
507 330
548 355
536 376
582 334
677 208
715 204
727 212
764 180
786 154
966 102
922 114
930 170
935 178
914 226
922 301
914 336
930 331
980 378
819 322
794 292
679 335
773 332
817 357
859 364
869 452
838 462
736 447
701 448
604 418
517 433
492 455
382 396
343 388
239 360
101 268
94 298
120 306
171 361
179 378
209 406
336 396
449 471
540 475
488 545
444 564
391 555
323 522
308 490
308 513
251 525
152 477
76 362
18 311
9 320
24 336
-70 305
-208 262
-263 242
-321 215
-327 185
-384 182
-389 186
-366 228
-405 243
-390 258
-452 303
-615 235
-662 205
-672 198
-681 157
-683 131
-716 226
-620 265
-594 296
-535 325
-515 349
-441 308
-393 289
-217 270
-218 277
-199 296
-174 327
-176 338
-217 345
-218 357
-241 362
-291 349
-339 337
-349 360
-343 397
-286 394
-451 472
-468 508
-492 541
-513 583
-536 603
-600 610
-663 564
-540 559
-515 543
-546 519
-604 518
-596 478
-716 475
-675 454
-589 445
-586 424
-582 423
-563 438
-513 498
-387 465
-316 440
-213 403
-224 434
-204 412
-158 372
-110 382
-42 364
81 407
64 422
25 451
15 449
-11 447
-124 460
-65 512
10 479
30 471
47 466
112 463
126 483
125 485
105 498
60 512
177 542
196 590
228 579
330 571
273 626
222 632
170 640
149 654
227 681
212 702
272 684
301 637
299 646
382 585
386 616
385 632
387 674
385 709
368 775
376 791
287 842
240 884
182 887
191 853
199 839
219 826
252 808
213 790
192 768
112 754
249 748
242 713
268 753
342 788
405 672
512 567
497 593
643 553
604 582
696 555
788 466
883 504
931 492
992 517
964 566
994 616
888 556
889 581
942 620
959 643
945 667
894 667
899 671
855 652
858 659
766 622
737 631
743 635
722 659
683 736
680 747
551 646
518 635
591 720
589 734
633 767
620 808
565 817
528 817
538 855
607 818
655 814
868 708
839 738
935 756
932 765
869 820
838 827
759 793
746 819
799 843
916 864
987 977
952 960
874 902
864 901
855 934
840 972
820 958
743 997
722 918
701 934
634 890
584 879
572 908
551 933
665 962
666 978
650 992
627 987
610 972
601 943
567 1000
503 921
461 939
404 906
366 893
346 903
373 937
380 994
239 955
204 968
150 998
110 947
43 993
-12 942
-45 924
-87 893
-46 879
24 915
65 907
70 859
25 849
55 830
-50 759
-20 750
-11 747
40 706
36 672
-5 658
15 629
9 569
-27 578
-69 570
-26 600
-214 499
-282 503
-297 526
-282 549
-238 544
-185 561
-209 581
-227 588
-292 575
-328 570
-426 540
-370 604
-318 628
-288 621
-226 610
-200 613
-200 624
-204 658
-130 637
-70 654
-53 693
-149 695
-128 734
-146 733
-185 764
-258 753
-350 689
-417 681
-442 704
-341 728
-381 745
-395 741
-361 775
-320 793
-198 841
-193 860
-188 855
-115 834
-125 955
-155 960
-150 989
-151 992
-190 912
-244 858
-262 951
-327 989
-330 986
-420 961
-351 890
-354 856
-391 900
-407 840
-409 821
-536 705
-636 673
-652 685
-710 740
-686 766
-601 738
-538 739
-510 765
-552 832
-501 829
-473 869
-486 889
-440 909
-446 905
-468 928
-479 947
-499 938
-595 931
-604 903
-673 852
-713 849
-787 848
-780 858
-708 942
-717 941
-739 958
-884 966
-913 988
-919 969
-922 964
-990 980
-992 915
-911 945
-877 933
-853 918
-841 873
-903 845
-928 819
-987 823
-932 771
-857 799
-876 795
-859 779
-801 787
-814 779
-817 736
-841 732
-899 723
-967 770
-962 750
-969 693
-971 686
-953 692
-813 705
-820 638
-774 617
-903 588
-978 604
-958 545
-985 529
-984 502
-991 470
-972 484
-958 508
-879 568
-805 483
-813 468
-760 461
-766 456
-779 456
-797 385
-805 374
-884 354
-936 444
-907 372
-987 373
-974 307
-902 319
-859 341
-814 344
-752 345
-774 256
-861 225
-930 242
-925 231
-965 193
-937 154
-872 201
-755 108
-739 96
-778 70
-839 85
-871 39
-870 38
-895 19
-913 -19
-918 -31
-969 -30
-993 -34
-990 -10
-955 64
-879 20
-846 31
-728 -29
-742 -53
-742 -119
-771 -147
-861 -99
-911 -104
-955 -91
-932 -155
-925 -189
-828 -184
-825 -190
-858 -202
-883 -196
-842 -224
-807 -198
-790 -206
-733 -266
-828 -274
-866 -260
-897 -271
-966 -307
-970 -367
-928 -346
-875 -308
-851 -296
-815 -335
-764 -356
-871 -413
-877 -416
-908 -396
-970 -483
-870 -484
-892 -540
-736 -542
-778 -531
-810 -529
-808 -651
-809 -679
-842 -680
-878 -687
-899 -706
-923 -604
-951 -605
-994 -596
