-999 -404
437 -981
563 -997
587 -997
613 -946
717 -974
768 -981
863 -998
879 -967
933 -945
914 -919
838 -932
813 -887
937 -874
894 -854
849 -837
854 -813
922 -791
931 -774
964 -790
989 -759
962 -750
858 -779
655 -883
683 -854
747 -858
755 -782
715 -821
665 -837
555 -933
577 -908
538 -927
436 -870
440 -864
471 -810
457 -801
519 -778
537 -748
609 -826
617 -824
677 -800
668 -782
674 -770
606 -768
685 -703
779 -714
812 -756
846 -741
820 -659
859 -644
838 -616
823 -607
886 -609
903 -618
979 -594
991 -588
985 -515
942 -567
918 -572
886 -553
874 -557
805 -576
707 -669
720 -667
708 -636
612 -645
638 -637
620 -626
532 -682
528 -684
501 -697
449 -681
546 -542
679 -544
677 -527
698 -527
686 -507
609 -520
515 -505
496 -468
565 -467
563 -430
583 -375
651 -355
723 -409
730 -398
757 -422
791 -469
861 -476
892 -420
909 -378
909 -372
800 -370
829 -320
841 -305
981 -352
939 -275
967 -233
874 -253
879 -245
844 -275
753 -389
714 -317
734 -286
789 -241
759 -205
766 -161
595 -324
469 -427
473 -374
472 -365
450 -357
495 -323
483 -314
510 -304
472 -218
527 -209
564 -185
648 -250
670 -265
641 -232
648 -129
682 -128
836 -115
776 -59
800 -15
991 52
990 -101
998 -116
917 -171
926 -154
907 -110
894 -80
913 -20
880 -28
855 25
862 41
796 -4
700 -32
670 -53
576 -111
567 -111
494 -98
523 -80
504 -60
502 -56
607 -6
496 13
448 45
504 91
526 90
542 87
586 114
617 90
603 122
640 131
718 88
698 134
728 169
752 154
825 100
888 94
832 162
943 175
984 206
921 194
887 192
843 182
782 180
745 200
652 177
639 192
605 157
573 114
558 124
515 115
451 134
443 156
485 191
527 200
542 208
560 226
566 235
442 228
481 264
486 295
510 310
492 367
497 371
450 378
487 404
462 421
624 265
649 261
764 234
748 263
744 285
820 258
864 241
871 253
861 302
975 294
999 390
959 356
903 345
859 333
821 360
807 383
771 364
710 312
700 322
699 327
610 314
595 385
574 460
652 467
657 466
691 437
756 476
839 426
870 390
866 412
876 437
835 447
905 491
961 436
934 507
989 518
946 550
869 509
870 517
786 503
764 508
771 528
743 556
633 527
594 537
521 493
463 514
501 591
551 598
591 658
598 675
636 700
683 719
828 646
830 649
912 647
923 652
988 635
932 669
826 661
754 732
736 751
717 752
704 751
589 715
561 720
480 682
452 739
449 801
506 826
459 845
590 811
655 789
671 798
722 852
748 864
789 838
900 810
917 829
987 776
985 805
971 834
963 841
890 869
974 993
887 994
842 953
788 936
613 906
611 927
565 944
574 964
572 995
457 901
443 917
-957 979
-991 931
